<html>
<head>
<title>TestNG:  Test</title>
<link href="../testng.css" rel="stylesheet" type="text/css" />
<link href="../my-testng.css" rel="stylesheet" type="text/css" />

<style type="text/css">
.log { display: none;} 
.stack-trace { display: none;} 
</style>
<script type="text/javascript">
<!--
function flip(e) {
  current = e.style.display;
  if (current == 'block') {
    e.style.display = 'none';
    return 0;
  }
  else {
    e.style.display = 'block';
    return 1;
  }
}

function toggleBox(szDivId, elem, msg1, msg2)
{
  var res = -1;  if (document.getElementById) {
    res = flip(document.getElementById(szDivId));
  }
  else if (document.all) {
    // this is the way old msie versions work
    res = flip(document.all[szDivId]);
  }
  if(elem) {
    if(res == 0) elem.innerHTML = msg1; else elem.innerHTML = msg2;
  }

}

function toggleAllBoxes() {
  if (document.getElementsByTagName) {
    d = document.getElementsByTagName('div');
    for (i = 0; i < d.length; i++) {
      if (d[i].className == 'log') {
        flip(d[i]);
      }
    }
  }
}

// -->
</script>

</head>
<body>
<h2 align='center'>Test</h2><table border='1' align="center">
<tr>
<td>Tests passed/Failed/Skipped:</td><td>42/4/0</td>
</tr><tr>
<td>Started on:</td><td>Mon Nov 08 11:36:23 IST 2021</td>
</tr>
<tr><td>Total time:</td><td>496 seconds (496285 ms)</td>
</tr><tr>
<td>Included groups:</td><td></td>
</tr><tr>
<td>Excluded groups:</td><td></td>
</tr>
</table><p/>
<small><i>(Hover the method name to see the test class name)</i></small><p/>
<table width='100%' border='1' class='invocation-failed'>
<tr><td colspan='4' align='center'><b>FAILED TESTS</b></td></tr>
<tr><td><b>Test method</b></td>
<td width="30%"><b>Exception</b></td>
<td width="10%"><b>Time (seconds)</b></td>
<td><b>Instance</b></td>
</tr>
<tr>
<td title='Pages_Test.MyProfilePage_Tests.validateMyProfilePage_Components_Visibility_ToggleButton()'><b>validateMyProfilePage_Components_Visibility_ToggleButton</b><br>Test class: Pages_Test.MyProfilePage_Tests<br>Test method: Validate if Toggle Button is displayed<br>Parameters: sandeep.puppaala@gmail.com, Password@123</td>
<td><div><pre>java.lang.AssertionError: expected [true] but found [false]
	at Pages_Test.MyProfilePage_Tests.validateMyProfilePage_Components_Visibility_ToggleButton(MyProfilePage_Tests.java:84)
	at java.util.ArrayList.forEach(ArrayList.java:1249)
... Removed 31 stack frames</pre></div><a href='#' onClick='toggleBox("stack-trace1795804759", this, "Click to show all stack frames", "Click to hide stack frames")'>Click to show all stack frames</a>
<div class='stack-trace' id='stack-trace1795804759'><pre>java.lang.AssertionError: expected [true] but found [false]
	at org.testng.Assert.fail(Assert.java:97)
	at org.testng.Assert.failNotEquals(Assert.java:969)
	at org.testng.Assert.assertTrue(Assert.java:43)
	at org.testng.Assert.assertTrue(Assert.java:53)
	at Pages_Test.MyProfilePage_Tests.validateMyProfilePage_Components_Visibility_ToggleButton(MyProfilePage_Tests.java:84)
	at sun.reflect.NativeMethodAccessorImpl.invoke0(Native Method)
	at sun.reflect.NativeMethodAccessorImpl.invoke(NativeMethodAccessorImpl.java:62)
	at sun.reflect.DelegatingMethodAccessorImpl.invoke(DelegatingMethodAccessorImpl.java:43)
	at java.lang.reflect.Method.invoke(Method.java:498)
	at org.testng.internal.MethodInvocationHelper.invokeMethod(MethodInvocationHelper.java:134)
	at org.testng.internal.TestInvoker.invokeMethod(TestInvoker.java:597)
	at org.testng.internal.TestInvoker.invokeTestMethod(TestInvoker.java:173)
	at org.testng.internal.MethodRunner.runInSequence(MethodRunner.java:46)
	at org.testng.internal.TestInvoker$MethodInvocationAgent.invoke(TestInvoker.java:816)
	at org.testng.internal.TestInvoker.invokeTestMethods(TestInvoker.java:146)
	at org.testng.internal.TestMethodWorker.invokeTestMethods(TestMethodWorker.java:146)
	at org.testng.internal.TestMethodWorker.run(TestMethodWorker.java:128)
	at java.util.ArrayList.forEach(ArrayList.java:1249)
	at org.testng.TestRunner.privateRun(TestRunner.java:766)
	at org.testng.TestRunner.run(TestRunner.java:587)
	at org.testng.SuiteRunner.runTest(SuiteRunner.java:384)
	at org.testng.SuiteRunner.runSequentially(SuiteRunner.java:378)
	at org.testng.SuiteRunner.privateRun(SuiteRunner.java:337)
	at org.testng.SuiteRunner.run(SuiteRunner.java:286)
	at org.testng.SuiteRunnerWorker.runSuite(SuiteRunnerWorker.java:53)
	at org.testng.SuiteRunnerWorker.run(SuiteRunnerWorker.java:96)
	at org.testng.TestNG.runSuitesSequentially(TestNG.java:1187)
	at org.testng.TestNG.runSuitesLocally(TestNG.java:1109)
	at org.testng.TestNG.runSuites(TestNG.java:1039)
	at org.testng.TestNG.run(TestNG.java:1007)
	at org.testng.remote.AbstractRemoteTestNG.run(AbstractRemoteTestNG.java:115)
	at org.testng.remote.RemoteTestNG.initAndRun(RemoteTestNG.java:251)
	at org.testng.remote.RemoteTestNG.main(RemoteTestNG.java:77)
</pre></div></td>
<td>4</td>
<td>Pages_Test.MyProfilePage_Tests@4d95d2a2</td></tr>
<tr>
<td title='Pages_Test.MyProfilePage_Tests.validateMyProfilePage_Links_GrAvatarProfileLink()'><b>validateMyProfilePage_Links_GrAvatarProfileLink</b><br>Test class: Pages_Test.MyProfilePage_Tests<br>Test method: Validate if Gravatar Profile link is not broken<br>Parameters: sandeep.puppaala@gmail.com, Password@123, https://en.gravatar.com/</td>
<td><div><pre>java.lang.AssertionError: expected [https://en.gravatar.com/] but found [https://en.gravatar.com/sandeeppuppala12]
	at Pages_Test.MyProfilePage_Tests.validateMyProfilePage_Links_GrAvatarProfileLink(MyProfilePage_Tests.java:260)
	at java.util.ArrayList.forEach(ArrayList.java:1249)
... Removed 32 stack frames</pre></div><a href='#' onClick='toggleBox("stack-trace216421817", this, "Click to show all stack frames", "Click to hide stack frames")'>Click to show all stack frames</a>
<div class='stack-trace' id='stack-trace216421817'><pre>java.lang.AssertionError: expected [https://en.gravatar.com/] but found [https://en.gravatar.com/sandeeppuppala12]
	at org.testng.Assert.fail(Assert.java:97)
	at org.testng.Assert.assertEqualsImpl(Assert.java:136)
	at org.testng.Assert.assertEquals(Assert.java:118)
	at org.testng.Assert.assertEquals(Assert.java:575)
	at org.testng.Assert.assertEquals(Assert.java:585)
	at Pages_Test.MyProfilePage_Tests.validateMyProfilePage_Links_GrAvatarProfileLink(MyProfilePage_Tests.java:260)
	at sun.reflect.NativeMethodAccessorImpl.invoke0(Native Method)
	at sun.reflect.NativeMethodAccessorImpl.invoke(NativeMethodAccessorImpl.java:62)
	at sun.reflect.DelegatingMethodAccessorImpl.invoke(DelegatingMethodAccessorImpl.java:43)
	at java.lang.reflect.Method.invoke(Method.java:498)
	at org.testng.internal.MethodInvocationHelper.invokeMethod(MethodInvocationHelper.java:134)
	at org.testng.internal.TestInvoker.invokeMethod(TestInvoker.java:597)
	at org.testng.internal.TestInvoker.invokeTestMethod(TestInvoker.java:173)
	at org.testng.internal.MethodRunner.runInSequence(MethodRunner.java:46)
	at org.testng.internal.TestInvoker$MethodInvocationAgent.invoke(TestInvoker.java:816)
	at org.testng.internal.TestInvoker.invokeTestMethods(TestInvoker.java:146)
	at org.testng.internal.TestMethodWorker.invokeTestMethods(TestMethodWorker.java:146)
	at org.testng.internal.TestMethodWorker.run(TestMethodWorker.java:128)
	at java.util.ArrayList.forEach(ArrayList.java:1249)
	at org.testng.TestRunner.privateRun(TestRunner.java:766)
	at org.testng.TestRunner.run(TestRunner.java:587)
	at org.testng.SuiteRunner.runTest(SuiteRunner.java:384)
	at org.testng.SuiteRunner.runSequentially(SuiteRunner.java:378)
	at org.testng.SuiteRunner.privateRun(SuiteRunner.java:337)
	at org.testng.SuiteRunner.run(SuiteRunner.java:286)
	at org.testng.SuiteRunnerWorker.runSuite(SuiteRunnerWorker.java:53)
	at org.testng.SuiteRunnerWorker.run(SuiteRunnerWorker.java:96)
	at org.testng.TestNG.runSuitesSequentially(TestNG.java:1187)
	at org.testng.TestNG.runSuitesLocally(TestNG.java:1109)
	at org.testng.TestNG.runSuites(TestNG.java:1039)
	at org.testng.TestNG.run(TestNG.java:1007)
	at org.testng.remote.AbstractRemoteTestNG.run(AbstractRemoteTestNG.java:115)
	at org.testng.remote.RemoteTestNG.initAndRun(RemoteTestNG.java:251)
	at org.testng.remote.RemoteTestNG.main(RemoteTestNG.java:77)
</pre></div></td>
<td>6</td>
<td>Pages_Test.MyProfilePage_Tests@4d95d2a2</td></tr>
<tr>
<td title='Pages_Test.MyProfilePage_Tests.validateMyProfilePage_ProfileLink_Add_URL_AddSite_Button_Functionality_With_ExistingData()'><b>validateMyProfilePage_ProfileLink_Add_URL_AddSite_Button_Functionality_With_ExistingData</b><br>Test class: Pages_Test.MyProfilePage_Tests<br>Test method: Validate Profile Link- Add URL- Add Site Button Functionality with existing data<br>Parameters: sandeep.puppaala@gmail.com, Password@123, MyWorld.com, Its a beautiful world, That link is already in your profile links. No changes were made.</td>
<td><div><pre>java.lang.AssertionError: expected [true] but found [false]
	at Pages_Test.MyProfilePage_Tests.validateMyProfilePage_ProfileLink_Add_URL_AddSite_Button_Functionality_With_ExistingData(MyProfilePage_Tests.java:385)
	at java.util.ArrayList.forEach(ArrayList.java:1249)
... Removed 31 stack frames</pre></div><a href='#' onClick='toggleBox("stack-trace383753182", this, "Click to show all stack frames", "Click to hide stack frames")'>Click to show all stack frames</a>
<div class='stack-trace' id='stack-trace383753182'><pre>java.lang.AssertionError: expected [true] but found [false]
	at org.testng.Assert.fail(Assert.java:97)
	at org.testng.Assert.failNotEquals(Assert.java:969)
	at org.testng.Assert.assertTrue(Assert.java:43)
	at org.testng.Assert.assertTrue(Assert.java:53)
	at Pages_Test.MyProfilePage_Tests.validateMyProfilePage_ProfileLink_Add_URL_AddSite_Button_Functionality_With_ExistingData(MyProfilePage_Tests.java:385)
	at sun.reflect.NativeMethodAccessorImpl.invoke0(Native Method)
	at sun.reflect.NativeMethodAccessorImpl.invoke(NativeMethodAccessorImpl.java:62)
	at sun.reflect.DelegatingMethodAccessorImpl.invoke(DelegatingMethodAccessorImpl.java:43)
	at java.lang.reflect.Method.invoke(Method.java:498)
	at org.testng.internal.MethodInvocationHelper.invokeMethod(MethodInvocationHelper.java:134)
	at org.testng.internal.TestInvoker.invokeMethod(TestInvoker.java:597)
	at org.testng.internal.TestInvoker.invokeTestMethod(TestInvoker.java:173)
	at org.testng.internal.MethodRunner.runInSequence(MethodRunner.java:46)
	at org.testng.internal.TestInvoker$MethodInvocationAgent.invoke(TestInvoker.java:816)
	at org.testng.internal.TestInvoker.invokeTestMethods(TestInvoker.java:146)
	at org.testng.internal.TestMethodWorker.invokeTestMethods(TestMethodWorker.java:146)
	at org.testng.internal.TestMethodWorker.run(TestMethodWorker.java:128)
	at java.util.ArrayList.forEach(ArrayList.java:1249)
	at org.testng.TestRunner.privateRun(TestRunner.java:766)
	at org.testng.TestRunner.run(TestRunner.java:587)
	at org.testng.SuiteRunner.runTest(SuiteRunner.java:384)
	at org.testng.SuiteRunner.runSequentially(SuiteRunner.java:378)
	at org.testng.SuiteRunner.privateRun(SuiteRunner.java:337)
	at org.testng.SuiteRunner.run(SuiteRunner.java:286)
	at org.testng.SuiteRunnerWorker.runSuite(SuiteRunnerWorker.java:53)
	at org.testng.SuiteRunnerWorker.run(SuiteRunnerWorker.java:96)
	at org.testng.TestNG.runSuitesSequentially(TestNG.java:1187)
	at org.testng.TestNG.runSuitesLocally(TestNG.java:1109)
	at org.testng.TestNG.runSuites(TestNG.java:1039)
	at org.testng.TestNG.run(TestNG.java:1007)
	at org.testng.remote.AbstractRemoteTestNG.run(AbstractRemoteTestNG.java:115)
	at org.testng.remote.RemoteTestNG.initAndRun(RemoteTestNG.java:251)
	at org.testng.remote.RemoteTestNG.main(RemoteTestNG.java:77)
</pre></div></td>
<td>20</td>
<td>Pages_Test.MyProfilePage_Tests@4d95d2a2</td></tr>
<tr>
<td title='Pages_Test.MyProfilePage_Tests.validateMyProfilePage_ProfileLink_Add_URL_AddedSite_Delete_Functionality()'><b>validateMyProfilePage_ProfileLink_Add_URL_AddedSite_Delete_Functionality</b><br>Test class: Pages_Test.MyProfilePage_Tests<br>Test method: Validate Add Profile Links- Delete URL Functionality<br>Parameters: sandeep.puppaala@gmail.com, Password@123, MyWorld.com</td>
<td><div><pre>java.lang.AssertionError: expected [false] but found [true]
	at Pages_Test.MyProfilePage_Tests.validateMyProfilePage_ProfileLink_Add_URL_AddedSite_Delete_Functionality(MyProfilePage_Tests.java:397)
	at java.util.ArrayList.forEach(ArrayList.java:1249)
... Removed 31 stack frames</pre></div><a href='#' onClick='toggleBox("stack-trace376067673", this, "Click to show all stack frames", "Click to hide stack frames")'>Click to show all stack frames</a>
<div class='stack-trace' id='stack-trace376067673'><pre>java.lang.AssertionError: expected [false] but found [true]
	at org.testng.Assert.fail(Assert.java:97)
	at org.testng.Assert.failNotEquals(Assert.java:969)
	at org.testng.Assert.assertFalse(Assert.java:65)
	at org.testng.Assert.assertFalse(Assert.java:75)
	at Pages_Test.MyProfilePage_Tests.validateMyProfilePage_ProfileLink_Add_URL_AddedSite_Delete_Functionality(MyProfilePage_Tests.java:397)
	at sun.reflect.NativeMethodAccessorImpl.invoke0(Native Method)
	at sun.reflect.NativeMethodAccessorImpl.invoke(NativeMethodAccessorImpl.java:62)
	at sun.reflect.DelegatingMethodAccessorImpl.invoke(DelegatingMethodAccessorImpl.java:43)
	at java.lang.reflect.Method.invoke(Method.java:498)
	at org.testng.internal.MethodInvocationHelper.invokeMethod(MethodInvocationHelper.java:134)
	at org.testng.internal.TestInvoker.invokeMethod(TestInvoker.java:597)
	at org.testng.internal.TestInvoker.invokeTestMethod(TestInvoker.java:173)
	at org.testng.internal.MethodRunner.runInSequence(MethodRunner.java:46)
	at org.testng.internal.TestInvoker$MethodInvocationAgent.invoke(TestInvoker.java:816)
	at org.testng.internal.TestInvoker.invokeTestMethods(TestInvoker.java:146)
	at org.testng.internal.TestMethodWorker.invokeTestMethods(TestMethodWorker.java:146)
	at org.testng.internal.TestMethodWorker.run(TestMethodWorker.java:128)
	at java.util.ArrayList.forEach(ArrayList.java:1249)
	at org.testng.TestRunner.privateRun(TestRunner.java:766)
	at org.testng.TestRunner.run(TestRunner.java:587)
	at org.testng.SuiteRunner.runTest(SuiteRunner.java:384)
	at org.testng.SuiteRunner.runSequentially(SuiteRunner.java:378)
	at org.testng.SuiteRunner.privateRun(SuiteRunner.java:337)
	at org.testng.SuiteRunner.run(SuiteRunner.java:286)
	at org.testng.SuiteRunnerWorker.runSuite(SuiteRunnerWorker.java:53)
	at org.testng.SuiteRunnerWorker.run(SuiteRunnerWorker.java:96)
	at org.testng.TestNG.runSuitesSequentially(TestNG.java:1187)
	at org.testng.TestNG.runSuitesLocally(TestNG.java:1109)
	at org.testng.TestNG.runSuites(TestNG.java:1039)
	at org.testng.TestNG.run(TestNG.java:1007)
	at org.testng.remote.AbstractRemoteTestNG.run(AbstractRemoteTestNG.java:115)
	at org.testng.remote.RemoteTestNG.initAndRun(RemoteTestNG.java:251)
	at org.testng.remote.RemoteTestNG.main(RemoteTestNG.java:77)
</pre></div></td>
<td>4</td>
<td>Pages_Test.MyProfilePage_Tests@4d95d2a2</td></tr>
</table><p>
<table width='100%' border='1' class='invocation-passed'>
<tr><td colspan='4' align='center'><b>PASSED TESTS</b></td></tr>
<tr><td><b>Test method</b></td>
<td width="30%"><b>Exception</b></td>
<td width="10%"><b>Time (seconds)</b></td>
<td><b>Instance</b></td>
</tr>
<tr>
<td title='Pages_Test.MyProfilePage_Tests.validateMyProfilePageTitle()'><b>validateMyProfilePageTitle</b><br>Test class: Pages_Test.MyProfilePage_Tests<br>Test method: Validate MyProfile Page Title<br>Parameters: sandeep.puppaala@gmail.com, Password@123, My Profile — WordPress.com</td>
<td></td>
<td>5</td>
<td>Pages_Test.MyProfilePage_Tests@4d95d2a2</td></tr>
<tr>
<td title='Pages_Test.MyProfilePage_Tests.validateMyProfilePage_Components_Description_Field_Accepts_Values()'><b>validateMyProfilePage_Components_Description_Field_Accepts_Values</b><br>Test class: Pages_Test.MyProfilePage_Tests<br>Test method: Validate if Description field displays description as per the input provided<br>Parameters: sandeep.puppaala@gmail.com, Password@123, Nature is a miracle</td>
<td></td>
<td>5</td>
<td>Pages_Test.MyProfilePage_Tests@4d95d2a2</td></tr>
<tr>
<td title='Pages_Test.MyProfilePage_Tests.validateMyProfilePage_Components_DisplayName_With_SpecialCharacters()'><b>validateMyProfilePage_Components_DisplayName_With_SpecialCharacters</b><br>Test class: Pages_Test.MyProfilePage_Tests<br>Test method: Validate if Display name can contain Special characters<br>Parameters: sandeep.puppaala@gmail.com, Password@123, Sandeep Puppala</td>
<td></td>
<td>6</td>
<td>Pages_Test.MyProfilePage_Tests@4d95d2a2</td></tr>
<tr>
<td title='Pages_Test.MyProfilePage_Tests.validateMyProfilePage_Components_Display_Field_Accepts_Values()'><b>validateMyProfilePage_Components_Display_Field_Accepts_Values</b><br>Test class: Pages_Test.MyProfilePage_Tests<br>Test method: Validate if Display field displays display name as per the input provided<br>Parameters: sandeep.puppaala@gmail.com, Password@123, Sandeep Puppala</td>
<td></td>
<td>4</td>
<td>Pages_Test.MyProfilePage_Tests@4d95d2a2</td></tr>
<tr>
<td title='Pages_Test.MyProfilePage_Tests.validateMyProfilePage_Components_Editable_Description_Field()'><b>validateMyProfilePage_Components_Editable_Description_Field</b><br>Test class: Pages_Test.MyProfilePage_Tests<br>Test method: Validate if Description Field is Editable<br>Parameters: sandeep.puppaala@gmail.com, Password@123</td>
<td></td>
<td>4</td>
<td>Pages_Test.MyProfilePage_Tests@4d95d2a2</td></tr>
<tr>
<td title='Pages_Test.MyProfilePage_Tests.validateMyProfilePage_Components_Editable_DisplayName_Field()'><b>validateMyProfilePage_Components_Editable_DisplayName_Field</b><br>Test class: Pages_Test.MyProfilePage_Tests<br>Test method: Validate if Display Name field is Editable<br>Parameters: sandeep.puppaala@gmail.com, Password@123</td>
<td></td>
<td>4</td>
<td>Pages_Test.MyProfilePage_Tests@4d95d2a2</td></tr>
<tr>
<td title='Pages_Test.MyProfilePage_Tests.validateMyProfilePage_Components_Editable_FirstName_Field()'><b>validateMyProfilePage_Components_Editable_FirstName_Field</b><br>Test class: Pages_Test.MyProfilePage_Tests<br>Test method: Validate if First Name field is Editable<br>Parameters: sandeep.puppaala@gmail.com, Password@123</td>
<td></td>
<td>4</td>
<td>Pages_Test.MyProfilePage_Tests@4d95d2a2</td></tr>
<tr>
<td title='Pages_Test.MyProfilePage_Tests.validateMyProfilePage_Components_Editable_LastName_Field()'><b>validateMyProfilePage_Components_Editable_LastName_Field</b><br>Test class: Pages_Test.MyProfilePage_Tests<br>Parameters: sandeep.puppaala@gmail.com, Password@123</td>
<td></td>
<td>4</td>
<td>Pages_Test.MyProfilePage_Tests@4d95d2a2</td></tr>
<tr>
<td title='Pages_Test.MyProfilePage_Tests.validateMyProfilePage_Components_FirstName_Field_Accepts_Values()'><b>validateMyProfilePage_Components_FirstName_Field_Accepts_Values</b><br>Test class: Pages_Test.MyProfilePage_Tests<br>Test method: Validate if First Name field displays First name as per the input provided<br>Parameters: sandeep.puppaala@gmail.com, Password@123, Sandeep</td>
<td></td>
<td>5</td>
<td>Pages_Test.MyProfilePage_Tests@4d95d2a2</td></tr>
<tr>
<td title='Pages_Test.MyProfilePage_Tests.validateMyProfilePage_Components_Label_Text_Description()'><b>validateMyProfilePage_Components_Label_Text_Description</b><br>Test class: Pages_Test.MyProfilePage_Tests<br>Test method: Validate if Description Label is as per the input provided<br>Parameters: sandeep.puppaala@gmail.com, Password@123, About me</td>
<td></td>
<td>4</td>
<td>Pages_Test.MyProfilePage_Tests@4d95d2a2</td></tr>
<tr>
<td title='Pages_Test.MyProfilePage_Tests.validateMyProfilePage_Components_Label_Text_DisplayName()'><b>validateMyProfilePage_Components_Label_Text_DisplayName</b><br>Test class: Pages_Test.MyProfilePage_Tests<br>Test method: Validate if Display Name Label is as per the input provided<br>Parameters: sandeep.puppaala@gmail.com, Password@123, Public display name</td>
<td></td>
<td>5</td>
<td>Pages_Test.MyProfilePage_Tests@4d95d2a2</td></tr>
<tr>
<td title='Pages_Test.MyProfilePage_Tests.validateMyProfilePage_Components_Label_Text_FirstName()'><b>validateMyProfilePage_Components_Label_Text_FirstName</b><br>Test class: Pages_Test.MyProfilePage_Tests<br>Test method: Validate if First Name Label is as per the input provided<br>Parameters: sandeep.puppaala@gmail.com, Password@123, First name</td>
<td></td>
<td>4</td>
<td>Pages_Test.MyProfilePage_Tests@4d95d2a2</td></tr>
<tr>
<td title='Pages_Test.MyProfilePage_Tests.validateMyProfilePage_Components_Label_Text_LastName()'><b>validateMyProfilePage_Components_Label_Text_LastName</b><br>Test class: Pages_Test.MyProfilePage_Tests<br>Test method: Validate if Last Name Label is as per the input provided<br>Parameters: sandeep.puppaala@gmail.com, Password@123, Last name</td>
<td></td>
<td>5</td>
<td>Pages_Test.MyProfilePage_Tests@4d95d2a2</td></tr>
<tr>
<td title='Pages_Test.MyProfilePage_Tests.validateMyProfilePage_Components_LastName_Field_Accepts_Values()'><b>validateMyProfilePage_Components_LastName_Field_Accepts_Values</b><br>Test class: Pages_Test.MyProfilePage_Tests<br>Test method: Validate if Last Name field displays First name as per the input provided<br>Parameters: sandeep.puppaala@gmail.com, Password@123, Puppala</td>
<td></td>
<td>5</td>
<td>Pages_Test.MyProfilePage_Tests@4d95d2a2</td></tr>
<tr>
<td title='Pages_Test.MyProfilePage_Tests.validateMyProfilePage_Components_PhotoStatus_Description_Message()'><b>validateMyProfilePage_Components_PhotoStatus_Description_Message</b><br>Test class: Pages_Test.MyProfilePage_Tests<br>Test method: Validate if Profile photo status displays description as per the input provided<br>Parameters: sandeep.puppaala@gmail.com, Password@123, Your profile photo is public.</td>
<td></td>
<td>4</td>
<td>Pages_Test.MyProfilePage_Tests@4d95d2a2</td></tr>
<tr>
<td title='Pages_Test.MyProfilePage_Tests.validateMyProfilePage_Components_Visibility_AddProfileButton()'><b>validateMyProfilePage_Components_Visibility_AddProfileButton</b><br>Test class: Pages_Test.MyProfilePage_Tests<br>Test method: Validate if Add Profile Button is displayed<br>Parameters: sandeep.puppaala@gmail.com, Password@123</td>
<td></td>
<td>4</td>
<td>Pages_Test.MyProfilePage_Tests@4d95d2a2</td></tr>
<tr>
<td title='Pages_Test.MyProfilePage_Tests.validateMyProfilePage_Components_Visibility_AddProfile_AddURL_Button()'><b>validateMyProfilePage_Components_Visibility_AddProfile_AddURL_Button</b><br>Test class: Pages_Test.MyProfilePage_Tests<br>Test method: Validate if Add Profile- Add URL button is displayed<br>Parameters: sandeep.puppaala@gmail.com, Password@123</td>
<td></td>
<td>5</td>
<td>Pages_Test.MyProfilePage_Tests@4d95d2a2</td></tr>
<tr>
<td title='Pages_Test.MyProfilePage_Tests.validateMyProfilePage_Components_Visibility_AddProfile_AddWordPressSite_Button()'><b>validateMyProfilePage_Components_Visibility_AddProfile_AddWordPressSite_Button</b><br>Test class: Pages_Test.MyProfilePage_Tests<br>Test method: Validate if Add Profile- Add Word Press Site button is displayed<br>Parameters: sandeep.puppaala@gmail.com, Password@123</td>
<td></td>
<td>4</td>
<td>Pages_Test.MyProfilePage_Tests@4d95d2a2</td></tr>
<tr>
<td title='Pages_Test.MyProfilePage_Tests.validateMyProfilePage_Components_Visibility_ChangePhotoLink()'><b>validateMyProfilePage_Components_Visibility_ChangePhotoLink</b><br>Test class: Pages_Test.MyProfilePage_Tests<br>Test method: Validate if Change Photo link is Enabled <br>Parameters: sandeep.puppaala@gmail.com, Password@123</td>
<td></td>
<td>4</td>
<td>Pages_Test.MyProfilePage_Tests@4d95d2a2</td></tr>
<tr>
<td title='Pages_Test.MyProfilePage_Tests.validateMyProfilePage_Components_Visibility_Description_Field()'><b>validateMyProfilePage_Components_Visibility_Description_Field</b><br>Test class: Pages_Test.MyProfilePage_Tests<br>Test method: Validate if Description field is displayed<br>Parameters: sandeep.puppaala@gmail.com, Password@123</td>
<td></td>
<td>4</td>
<td>Pages_Test.MyProfilePage_Tests@4d95d2a2</td></tr>
<tr>
<td title='Pages_Test.MyProfilePage_Tests.validateMyProfilePage_Components_Visibility_DisplayName_Field()'><b>validateMyProfilePage_Components_Visibility_DisplayName_Field</b><br>Test class: Pages_Test.MyProfilePage_Tests<br>Test method: Validate if Display Name field is displayed<br>Parameters: sandeep.puppaala@gmail.com, Password@123</td>
<td></td>
<td>4</td>
<td>Pages_Test.MyProfilePage_Tests@4d95d2a2</td></tr>
<tr>
<td title='Pages_Test.MyProfilePage_Tests.validateMyProfilePage_Components_Visibility_FirstName_Field()'><b>validateMyProfilePage_Components_Visibility_FirstName_Field</b><br>Test class: Pages_Test.MyProfilePage_Tests<br>Test method: Validate if First Name field is displayed<br>Parameters: sandeep.puppaala@gmail.com, Password@123</td>
<td></td>
<td>5</td>
<td>Pages_Test.MyProfilePage_Tests@4d95d2a2</td></tr>
<tr>
<td title='Pages_Test.MyProfilePage_Tests.validateMyProfilePage_Components_Visibility_GrAvatarLink()'><b>validateMyProfilePage_Components_Visibility_GrAvatarLink</b><br>Test class: Pages_Test.MyProfilePage_Tests<br>Test method: Validate if Gravatar link is displayed after clicking Popover Button<br>Parameters: sandeep.puppaala@gmail.com, Password@123</td>
<td></td>
<td>20</td>
<td>Pages_Test.MyProfilePage_Tests@4d95d2a2</td></tr>
<tr>
<td title='Pages_Test.MyProfilePage_Tests.validateMyProfilePage_Components_Visibility_GravatarProfileDeleteLink()'><b>validateMyProfilePage_Components_Visibility_GravatarProfileDeleteLink</b><br>Test class: Pages_Test.MyProfilePage_Tests<br>Test method: Validate if Gravatar Profile Delete Link is displayed<br>Parameters: sandeep.puppaala@gmail.com, Password@123</td>
<td></td>
<td>4</td>
<td>Pages_Test.MyProfilePage_Tests@4d95d2a2</td></tr>
<tr>
<td title='Pages_Test.MyProfilePage_Tests.validateMyProfilePage_Components_Visibility_GravatarProfileLink()'><b>validateMyProfilePage_Components_Visibility_GravatarProfileLink</b><br>Test class: Pages_Test.MyProfilePage_Tests<br>Test method: Validate if Gravatar Profile Link is displayed<br>Parameters: sandeep.puppaala@gmail.com, Password@123</td>
<td></td>
<td>5</td>
<td>Pages_Test.MyProfilePage_Tests@4d95d2a2</td></tr>
<tr>
<td title='Pages_Test.MyProfilePage_Tests.validateMyProfilePage_Components_Visibility_HelpButton()'><b>validateMyProfilePage_Components_Visibility_HelpButton</b><br>Test class: Pages_Test.MyProfilePage_Tests<br>Test method: Validate if Help button is displayed<br>Parameters: sandeep.puppaala@gmail.com, Password@123</td>
<td></td>
<td>4</td>
<td>Pages_Test.MyProfilePage_Tests@4d95d2a2</td></tr>
<tr>
<td title='Pages_Test.MyProfilePage_Tests.validateMyProfilePage_Components_Visibility_LastName_Field()'><b>validateMyProfilePage_Components_Visibility_LastName_Field</b><br>Test class: Pages_Test.MyProfilePage_Tests<br>Test method: Validate if Last Name field is displayed<br>Parameters: sandeep.puppaala@gmail.com, Password@123</td>
<td></td>
<td>5</td>
<td>Pages_Test.MyProfilePage_Tests@4d95d2a2</td></tr>
<tr>
<td title='Pages_Test.MyProfilePage_Tests.validateMyProfilePage_Components_Visibility_PopoverButton()'><b>validateMyProfilePage_Components_Visibility_PopoverButton</b><br>Test class: Pages_Test.MyProfilePage_Tests<br>Test method: Validate if Popover Button is displayed<br>Parameters: sandeep.puppaala@gmail.com, Password@123</td>
<td></td>
<td>5</td>
<td>Pages_Test.MyProfilePage_Tests@4d95d2a2</td></tr>
<tr>
<td title='Pages_Test.MyProfilePage_Tests.validateMyProfilePage_Components_Visibility_SaveDetailsButton()'><b>validateMyProfilePage_Components_Visibility_SaveDetailsButton</b><br>Test class: Pages_Test.MyProfilePage_Tests<br>Test method: Validate if Save Details Button is displayed<br>Parameters: sandeep.puppaala@gmail.com, Password@123</td>
<td></td>
<td>5</td>
<td>Pages_Test.MyProfilePage_Tests@4d95d2a2</td></tr>
<tr>
<td title='Pages_Test.MyProfilePage_Tests.validateMyProfilePage_Links_GrAvatarLoginLink()'><b>validateMyProfilePage_Links_GrAvatarLoginLink</b><br>Test class: Pages_Test.MyProfilePage_Tests<br>Test method: Validate if Gravatar Login link is not broken<br>Parameters: sandeep.puppaala@gmail.com, Password@123, https://en.gravatar.com/site/login</td>
<td></td>
<td>7</td>
<td>Pages_Test.MyProfilePage_Tests@4d95d2a2</td></tr>
<tr>
<td title='Pages_Test.MyProfilePage_Tests.validateMyProfilePage_NoURLText_Visibility_Before_ProfileLink_Add_URL_AddSite_Functionality()'><b>validateMyProfilePage_NoURLText_Visibility_Before_ProfileLink_Add_URL_AddSite_Functionality</b><br>Test class: Pages_Test.MyProfilePage_Tests<br>Test method: Validate if No URL Text is Present before adding Profile Link- Add URL- Add Site<br>Parameters: sandeep.puppaala@gmail.com, Password@123</td>
<td></td>
<td>19</td>
<td>Pages_Test.MyProfilePage_Tests@4d95d2a2</td></tr>
<tr>
<td title='Pages_Test.MyProfilePage_Tests.validateMyProfilePage_ProfileLink_Add_URL_AddSite_Button_Functionality_With_Valid_URL_Format_And_Description()'><b>validateMyProfilePage_ProfileLink_Add_URL_AddSite_Button_Functionality_With_Valid_URL_Format_And_Description</b><br>Test class: Pages_Test.MyProfilePage_Tests<br>Test method: Validate Profile Link- Add URL- Add Site Button Functionality with Valid URL and Description text<br>Parameters: sandeep.puppaala@gmail.com, Password@123, MyWorld.com, Its a beautiful world</td>
<td></td>
<td>5</td>
<td>Pages_Test.MyProfilePage_Tests@4d95d2a2</td></tr>
<tr>
<td title='Pages_Test.MyProfilePage_Tests.validateMyProfilePage_ProfileLink_Add_URL_AddSite_Button_isEnabled()'><b>validateMyProfilePage_ProfileLink_Add_URL_AddSite_Button_isEnabled</b><br>Test class: Pages_Test.MyProfilePage_Tests<br>Test method: Validate if Profile Link- Add URL- Add Site Button is Enabled without entering any values in the URL and Description<br>Parameters: sandeep.puppaala@gmail.com, Password@123</td>
<td></td>
<td>5</td>
<td>Pages_Test.MyProfilePage_Tests@4d95d2a2</td></tr>
<tr>
<td title='Pages_Test.MyProfilePage_Tests.validateMyProfilePage_ProfileLink_Add_URL_AddSite_Button_isEnabled_With_Invalide_URL_Format()'><b>validateMyProfilePage_ProfileLink_Add_URL_AddSite_Button_isEnabled_With_Invalide_URL_Format</b><br>Test class: Pages_Test.MyProfilePage_Tests<br>Test method: Validate if Profile Link- Add URL- Add Site Button is Enabled without adding '.com' in the URL and Description text<br>Parameters: sandeep.puppaala@gmail.com, Password@123</td>
<td></td>
<td>5</td>
<td>Pages_Test.MyProfilePage_Tests@4d95d2a2</td></tr>
<tr>
<td title='Pages_Test.MyProfilePage_Tests.validateMyProfilePage_ProfileLink_Add_URL_AddSite_Button_isEnabled_With_Valid_URL_Format_And_Description()'><b>validateMyProfilePage_ProfileLink_Add_URL_AddSite_Button_isEnabled_With_Valid_URL_Format_And_Description</b><br>Test class: Pages_Test.MyProfilePage_Tests<br>Test method: Validate if Profile Link- Add URL- Add Site Button is Enabled without adding '.com' in the URL and Description text<br>Parameters: sandeep.puppaala@gmail.com, Password@123</td>
<td></td>
<td>5</td>
<td>Pages_Test.MyProfilePage_Tests@4d95d2a2</td></tr>
<tr>
<td title='Pages_Test.MyProfilePage_Tests.validateMyProfilePage_ProfileLink_Add_WordPressSite_Functionality()'><b>validateMyProfilePage_ProfileLink_Add_WordPressSite_Functionality</b><br>Test class: Pages_Test.MyProfilePage_Tests<br>Test method: Validate Profile Link- Add WordPress Site- Functionality <br>Parameters: sandeep.puppaala@gmail.com, Password@123</td>
<td></td>
<td>6</td>
<td>Pages_Test.MyProfilePage_Tests@4d95d2a2</td></tr>
<tr>
<td title='Pages_Test.MyProfilePage_Tests.validateMyProfilePage_SaveDetailsButton_Functionality_AnyText_Field_Space()'><b>validateMyProfilePage_SaveDetailsButton_Functionality_AnyText_Field_Space</b><br>Test class: Pages_Test.MyProfilePage_Tests<br>Test method: Validate if Save details button is enabled by changing FirstName field with a Space<br>Parameters: sandeep.puppaala@gmail.com, Password@123</td>
<td></td>
<td>4</td>
<td>Pages_Test.MyProfilePage_Tests@4d95d2a2</td></tr>
<tr>
<td title='Pages_Test.MyProfilePage_Tests.validateMyProfilePage_SaveDetailsButton_Functionality_AnyText_Field_Text()'><b>validateMyProfilePage_SaveDetailsButton_Functionality_AnyText_Field_Text</b><br>Test class: Pages_Test.MyProfilePage_Tests<br>Test method: Validate if Save details button is enabled by changing FirstName field with a Text<br>Parameters: sandeep.puppaala@gmail.com, Password@123</td>
<td></td>
<td>4</td>
<td>Pages_Test.MyProfilePage_Tests@4d95d2a2</td></tr>
<tr>
<td title='Pages_Test.MyProfilePage_Tests.validateMyProfilePage_SaveDetailsButton_Functionality_Assert_Saved_Data()'><b>validateMyProfilePage_SaveDetailsButton_Functionality_Assert_Saved_Data</b><br>Test class: Pages_Test.MyProfilePage_Tests<br>Test method: Validate if Save details are reflecting in the First Name field<br>Parameters: sandeep.puppaala@gmail.com, Password@123, Sandeep</td>
<td></td>
<td>4</td>
<td>Pages_Test.MyProfilePage_Tests@4d95d2a2</td></tr>
<tr>
<td title='Pages_Test.MyProfilePage_Tests.validateMyProfilePage_SaveDetailsButton_Functionality_Change_Toggle_Button()'><b>validateMyProfilePage_SaveDetailsButton_Functionality_Change_Toggle_Button</b><br>Test class: Pages_Test.MyProfilePage_Tests<br>Test method: Validate if Save details button is enabled by changing Toggle Button<br>Parameters: sandeep.puppaala@gmail.com, Password@123</td>
<td></td>
<td>4</td>
<td>Pages_Test.MyProfilePage_Tests@4d95d2a2</td></tr>
<tr>
<td title='Pages_Test.MyProfilePage_Tests.validateMyProfilePage_SaveDetailsButton_Functionality_Default()'><b>validateMyProfilePage_SaveDetailsButton_Functionality_Default</b><br>Test class: Pages_Test.MyProfilePage_Tests<br>Test method: Validate if Save details button is enabled without changing any default field values<br>Parameters: sandeep.puppaala@gmail.com, Password@123</td>
<td></td>
<td>4</td>
<td>Pages_Test.MyProfilePage_Tests@4d95d2a2</td></tr>
<tr>
<td title='Pages_Test.MyProfilePage_Tests.validateMyProfilePage_SaveDetailsButton_Functionality_Enter_FirstName()'><b>validateMyProfilePage_SaveDetailsButton_Functionality_Enter_FirstName</b><br>Test class: Pages_Test.MyProfilePage_Tests<br>Test method: Validate if Save details button functionality by entering text in the First Name field<br>Parameters: sandeep.puppaala@gmail.com, Password@123, Sandeep</td>
<td></td>
<td>19</td>
<td>Pages_Test.MyProfilePage_Tests@4d95d2a2</td></tr>
</table><p>
</body>
</html>