<?xml version="1.0" encoding="UTF-8"?>
<!-- Generated by org.testng.reporters.JUnitXMLReporter -->
<testsuite hostname="Sans" ignored="0" name="Test" tests="2" failures="0" timestamp="2021-11-08T14:13:18 IST" time="119.242" errors="0">
  <testcase name="validateMyProfilePage_ProfileLink_Add_URL_AddSite_Button_Functionality_With_Valid_URL_Format_And_Description" time="23.552" classname="Pages_Test.MyProfilePage_Tests"/>
  <testcase name="validateMyProfilePage_ProfileLink_Add_URL_AddedSite_Delete_Functionality" time="85.867" classname="Pages_Test.MyProfilePage_Tests"/>
</testsuite> <!-- Test -->
