<?xml version="1.0" encoding="UTF-8"?>
<testng-results skipped="0" failed="0" ignored="0" total="2" passed="2">
  <reporter-output>
  </reporter-output>
  <suite name="Suite" duration-ms="119242" started-at="2021-11-08T14:11:19 IST" finished-at="2021-11-08T14:13:18 IST">
    <groups>
    </groups>
    <test name="Test" duration-ms="119242" started-at="2021-11-08T14:11:19 IST" finished-at="2021-11-08T14:13:18 IST">
      <class name="Pages_Test.MyProfilePage_Tests">
        <test-method status="PASS" signature="initilizeReporting()[pri:0, instance:Pages_Test.MyProfilePage_Tests@3d285d7e]" name="initilizeReporting" is-config="true" duration-ms="268" started-at="2021-11-08T14:11:18 IST" finished-at="2021-11-08T14:11:19 IST">
          <reporter-output>
          </reporter-output>
        </test-method> <!-- initilizeReporting -->
        <test-method status="PASS" signature="initilizeBrowser(java.lang.String, java.lang.String, java.lang.reflect.Method)[pri:0, instance:Pages_Test.MyProfilePage_Tests@3d285d7e]" name="initilizeBrowser" is-config="true" duration-ms="4477" started-at="2021-11-08T14:11:19 IST" finished-at="2021-11-08T14:11:23 IST">
          <params>
            <param index="0">
              <value>
                <![CDATA[chrome]]>
              </value>
            </param>
            <param index="1">
              <value>
                <![CDATA[https://wordpress.com/me]]>
              </value>
            </param>
            <param index="2">
              <value>
                <![CDATA[public void Pages_Test.MyProfilePage_Tests.validateMyProfilePage_ProfileLink_Add_URL_AddSite_Button_Functionality_With_Valid_URL_Format_And_Description(java.lang.String,java.lang.String,java.lang.String,java.lang.String)]]>
              </value>
            </param>
          </params>
          <reporter-output>
          </reporter-output>
        </test-method> <!-- initilizeBrowser -->
        <test-method status="PASS" signature="validateMyProfilePage_ProfileLink_Add_URL_AddSite_Button_Functionality_With_Valid_URL_Format_And_Description(java.lang.String, java.lang.String, java.lang.String, java.lang.String)[pri:0, instance:Pages_Test.MyProfilePage_Tests@3d285d7e]" name="validateMyProfilePage_ProfileLink_Add_URL_AddSite_Button_Functionality_With_Valid_URL_Format_And_Description" duration-ms="23552" started-at="2021-11-08T14:11:23 IST" description="Validate Profile Link- Add URL- Add Site Button Functionality with Valid URL and Description text" finished-at="2021-11-08T14:11:47 IST">
          <params>
            <param index="0">
              <value>
                <![CDATA[sandeep.puppaala@gmail.com]]>
              </value>
            </param>
            <param index="1">
              <value>
                <![CDATA[Password@123]]>
              </value>
            </param>
            <param index="2">
              <value>
                <![CDATA[MyWorld.com]]>
              </value>
            </param>
            <param index="3">
              <value>
                <![CDATA[Its a beautiful world]]>
              </value>
            </param>
          </params>
          <reporter-output>
          </reporter-output>
        </test-method> <!-- validateMyProfilePage_ProfileLink_Add_URL_AddSite_Button_Functionality_With_Valid_URL_Format_And_Description -->
        <test-method status="PASS" signature="afterMethod(org.testng.ITestResult)[pri:0, instance:Pages_Test.MyProfilePage_Tests@3d285d7e]" name="afterMethod" is-config="true" duration-ms="673" started-at="2021-11-08T14:11:47 IST" finished-at="2021-11-08T14:11:47 IST">
          <params>
            <param index="0">
              <value>
                <![CDATA[[TestResult name=validateMyProfilePage_ProfileLink_Add_URL_AddSite_Button_Functionality_With_Valid_URL_Format_And_Description status=SUCCESS method=MyProfilePage_Tests.validateMyProfilePage_ProfileLink_Add_URL_AddSite_Button_Functionality_With_Valid_URL_Format_And_Description(java.lang.String, java.lang.String, java.lang.String, java.lang.String)[pri:0, instance:Pages_Test.MyProfilePage_Tests@3d285d7e] output={null}]]]>
              </value>
            </param>
          </params>
          <reporter-output>
          </reporter-output>
        </test-method> <!-- afterMethod -->
        <test-method status="PASS" signature="initilizeBrowser(java.lang.String, java.lang.String, java.lang.reflect.Method)[pri:0, instance:Pages_Test.MyProfilePage_Tests@3d285d7e]" name="initilizeBrowser" is-config="true" duration-ms="3920" started-at="2021-11-08T14:11:47 IST" finished-at="2021-11-08T14:11:51 IST">
          <params>
            <param index="0">
              <value>
                <![CDATA[chrome]]>
              </value>
            </param>
            <param index="1">
              <value>
                <![CDATA[https://wordpress.com/me]]>
              </value>
            </param>
            <param index="2">
              <value>
                <![CDATA[public void Pages_Test.MyProfilePage_Tests.validateMyProfilePage_ProfileLink_Add_URL_AddedSite_Delete_Functionality(java.lang.String,java.lang.String,java.lang.String)]]>
              </value>
            </param>
          </params>
          <reporter-output>
          </reporter-output>
        </test-method> <!-- initilizeBrowser -->
        <test-method status="PASS" signature="validateMyProfilePage_ProfileLink_Add_URL_AddedSite_Delete_Functionality(java.lang.String, java.lang.String, java.lang.String)[pri:0, instance:Pages_Test.MyProfilePage_Tests@3d285d7e]" name="validateMyProfilePage_ProfileLink_Add_URL_AddedSite_Delete_Functionality" duration-ms="85867" started-at="2021-11-08T14:11:51 IST" description="Validate Add Profile Links- Delete URL Functionality" depends-on-methods="Pages_Test.MyProfilePage_Tests.validateMyProfilePage_ProfileLink_Add_URL_AddSite_Button_Functionality_With_Valid_URL_Format_And_Description" finished-at="2021-11-08T14:13:17 IST">
          <params>
            <param index="0">
              <value>
                <![CDATA[sandeep.puppaala@gmail.com]]>
              </value>
            </param>
            <param index="1">
              <value>
                <![CDATA[Password@123]]>
              </value>
            </param>
            <param index="2">
              <value>
                <![CDATA[MyWorld.com]]>
              </value>
            </param>
          </params>
          <reporter-output>
          </reporter-output>
        </test-method> <!-- validateMyProfilePage_ProfileLink_Add_URL_AddedSite_Delete_Functionality -->
        <test-method status="PASS" signature="afterMethod(org.testng.ITestResult)[pri:0, instance:Pages_Test.MyProfilePage_Tests@3d285d7e]" name="afterMethod" is-config="true" duration-ms="675" started-at="2021-11-08T14:13:17 IST" finished-at="2021-11-08T14:13:18 IST">
          <params>
            <param index="0">
              <value>
                <![CDATA[[TestResult name=validateMyProfilePage_ProfileLink_Add_URL_AddedSite_Delete_Functionality status=SUCCESS method=MyProfilePage_Tests.validateMyProfilePage_ProfileLink_Add_URL_AddedSite_Delete_Functionality(java.lang.String, java.lang.String, java.lang.String)[pri:0, instance:Pages_Test.MyProfilePage_Tests@3d285d7e] output={null}]]]>
              </value>
            </param>
          </params>
          <reporter-output>
          </reporter-output>
        </test-method> <!-- afterMethod -->
        <test-method status="PASS" signature="endBrowserInstance()[pri:0, instance:Pages_Test.MyProfilePage_Tests@3d285d7e]" name="endBrowserInstance" is-config="true" duration-ms="376" started-at="2021-11-08T14:13:18 IST" finished-at="2021-11-08T14:13:18 IST">
          <reporter-output>
          </reporter-output>
        </test-method> <!-- endBrowserInstance -->
      </class> <!-- Pages_Test.MyProfilePage_Tests -->
    </test> <!-- Test -->
  </suite> <!-- Suite -->
</testng-results>
