<?xml version="1.0" encoding="UTF-8"?>
<testng-results skipped="0" failed="0" ignored="0" total="36" passed="36">
  <reporter-output>
  </reporter-output>
  <suite name="Suite" duration-ms="516963" started-at="2021-11-09T11:02:28 IST" finished-at="2021-11-09T11:11:05 IST">
    <groups>
    </groups>
    <test name="Test" duration-ms="516963" started-at="2021-11-09T11:02:28 IST" finished-at="2021-11-09T11:11:05 IST">
      <class name="Pages_Test.MyProfilePage_Tests">
        <test-method status="PASS" signature="initilizeReporting()[pri:0, instance:Pages_Test.MyProfilePage_Tests@184f6be2]" name="initilizeReporting" is-config="true" duration-ms="528" started-at="2021-11-09T11:02:27 IST" finished-at="2021-11-09T11:02:28 IST">
          <reporter-output>
          </reporter-output>
        </test-method> <!-- initilizeReporting -->
        <test-method status="PASS" signature="initilizeBrowser(java.lang.String, java.lang.String, java.lang.reflect.Method)[pri:0, instance:Pages_Test.MyProfilePage_Tests@184f6be2]" name="initilizeBrowser" is-config="true" duration-ms="7101" started-at="2021-11-09T11:02:28 IST" finished-at="2021-11-09T11:02:35 IST">
          <params>
            <param index="0">
              <value>
                <![CDATA[chrome]]>
              </value>
            </param>
            <param index="1">
              <value>
                <![CDATA[https://wordpress.com/me]]>
              </value>
            </param>
            <param index="2">
              <value>
                <![CDATA[public void Pages_Test.MyProfilePage_Tests.myProfilePage_Labels_Description(java.lang.String,java.lang.String,java.lang.String)]]>
              </value>
            </param>
          </params>
          <reporter-output>
          </reporter-output>
        </test-method> <!-- initilizeBrowser -->
        <test-method status="PASS" signature="myProfilePage_Labels_Description(java.lang.String, java.lang.String, java.lang.String)[pri:0, instance:Pages_Test.MyProfilePage_Tests@184f6be2]" name="myProfilePage_Labels_Description" duration-ms="7022" started-at="2021-11-09T11:02:35 IST" description="Validate if Description Label is as per the input provided" finished-at="2021-11-09T11:02:42 IST">
          <params>
            <param index="0">
              <value>
                <![CDATA[sandeep.puppaala@gmail.com]]>
              </value>
            </param>
            <param index="1">
              <value>
                <![CDATA[Password@123]]>
              </value>
            </param>
            <param index="2">
              <value>
                <![CDATA[About me]]>
              </value>
            </param>
          </params>
          <reporter-output>
          </reporter-output>
        </test-method> <!-- myProfilePage_Labels_Description -->
        <test-method status="PASS" signature="afterMethod(org.testng.ITestResult)[pri:0, instance:Pages_Test.MyProfilePage_Tests@184f6be2]" name="afterMethod" is-config="true" duration-ms="1157" started-at="2021-11-09T11:02:42 IST" finished-at="2021-11-09T11:02:43 IST">
          <params>
            <param index="0">
              <value>
                <![CDATA[[TestResult name=myProfilePage_Labels_Description status=SUCCESS method=MyProfilePage_Tests.myProfilePage_Labels_Description(java.lang.String, java.lang.String, java.lang.String)[pri:0, instance:Pages_Test.MyProfilePage_Tests@184f6be2] output={null}]]]>
              </value>
            </param>
          </params>
          <reporter-output>
          </reporter-output>
        </test-method> <!-- afterMethod -->
        <test-method status="PASS" signature="initilizeBrowser(java.lang.String, java.lang.String, java.lang.reflect.Method)[pri:0, instance:Pages_Test.MyProfilePage_Tests@184f6be2]" name="initilizeBrowser" is-config="true" duration-ms="5030" started-at="2021-11-09T11:02:43 IST" finished-at="2021-11-09T11:02:48 IST">
          <params>
            <param index="0">
              <value>
                <![CDATA[chrome]]>
              </value>
            </param>
            <param index="1">
              <value>
                <![CDATA[https://wordpress.com/me]]>
              </value>
            </param>
            <param index="2">
              <value>
                <![CDATA[public void Pages_Test.MyProfilePage_Tests.myProfilePage_Labels_DisplayName(java.lang.String,java.lang.String,java.lang.String)]]>
              </value>
            </param>
          </params>
          <reporter-output>
          </reporter-output>
        </test-method> <!-- initilizeBrowser -->
        <test-method status="PASS" signature="myProfilePage_Labels_DisplayName(java.lang.String, java.lang.String, java.lang.String)[pri:0, instance:Pages_Test.MyProfilePage_Tests@184f6be2]" name="myProfilePage_Labels_DisplayName" duration-ms="6367" started-at="2021-11-09T11:02:48 IST" description="Validate if Display Name Label is as per the input provided" finished-at="2021-11-09T11:02:55 IST">
          <params>
            <param index="0">
              <value>
                <![CDATA[sandeep.puppaala@gmail.com]]>
              </value>
            </param>
            <param index="1">
              <value>
                <![CDATA[Password@123]]>
              </value>
            </param>
            <param index="2">
              <value>
                <![CDATA[Public display name]]>
              </value>
            </param>
          </params>
          <reporter-output>
          </reporter-output>
        </test-method> <!-- myProfilePage_Labels_DisplayName -->
        <test-method status="PASS" signature="afterMethod(org.testng.ITestResult)[pri:0, instance:Pages_Test.MyProfilePage_Tests@184f6be2]" name="afterMethod" is-config="true" duration-ms="730" started-at="2021-11-09T11:02:55 IST" finished-at="2021-11-09T11:02:55 IST">
          <params>
            <param index="0">
              <value>
                <![CDATA[[TestResult name=myProfilePage_Labels_DisplayName status=SUCCESS method=MyProfilePage_Tests.myProfilePage_Labels_DisplayName(java.lang.String, java.lang.String, java.lang.String)[pri:0, instance:Pages_Test.MyProfilePage_Tests@184f6be2] output={null}]]]>
              </value>
            </param>
          </params>
          <reporter-output>
          </reporter-output>
        </test-method> <!-- afterMethod -->
        <test-method status="PASS" signature="initilizeBrowser(java.lang.String, java.lang.String, java.lang.reflect.Method)[pri:0, instance:Pages_Test.MyProfilePage_Tests@184f6be2]" name="initilizeBrowser" is-config="true" duration-ms="4735" started-at="2021-11-09T11:02:55 IST" finished-at="2021-11-09T11:03:00 IST">
          <params>
            <param index="0">
              <value>
                <![CDATA[chrome]]>
              </value>
            </param>
            <param index="1">
              <value>
                <![CDATA[https://wordpress.com/me]]>
              </value>
            </param>
            <param index="2">
              <value>
                <![CDATA[public void Pages_Test.MyProfilePage_Tests.myProfilePage_Labels_FirstName(java.lang.String,java.lang.String,java.lang.String)]]>
              </value>
            </param>
          </params>
          <reporter-output>
          </reporter-output>
        </test-method> <!-- initilizeBrowser -->
        <test-method status="PASS" signature="myProfilePage_Labels_FirstName(java.lang.String, java.lang.String, java.lang.String)[pri:0, instance:Pages_Test.MyProfilePage_Tests@184f6be2]" name="myProfilePage_Labels_FirstName" duration-ms="5994" started-at="2021-11-09T11:03:00 IST" description="Validate if First Name Label is as per the input provided" finished-at="2021-11-09T11:03:06 IST">
          <params>
            <param index="0">
              <value>
                <![CDATA[sandeep.puppaala@gmail.com]]>
              </value>
            </param>
            <param index="1">
              <value>
                <![CDATA[Password@123]]>
              </value>
            </param>
            <param index="2">
              <value>
                <![CDATA[First name]]>
              </value>
            </param>
          </params>
          <reporter-output>
          </reporter-output>
        </test-method> <!-- myProfilePage_Labels_FirstName -->
        <test-method status="PASS" signature="afterMethod(org.testng.ITestResult)[pri:0, instance:Pages_Test.MyProfilePage_Tests@184f6be2]" name="afterMethod" is-config="true" duration-ms="758" started-at="2021-11-09T11:03:06 IST" finished-at="2021-11-09T11:03:07 IST">
          <params>
            <param index="0">
              <value>
                <![CDATA[[TestResult name=myProfilePage_Labels_FirstName status=SUCCESS method=MyProfilePage_Tests.myProfilePage_Labels_FirstName(java.lang.String, java.lang.String, java.lang.String)[pri:0, instance:Pages_Test.MyProfilePage_Tests@184f6be2] output={null}]]]>
              </value>
            </param>
          </params>
          <reporter-output>
          </reporter-output>
        </test-method> <!-- afterMethod -->
        <test-method status="PASS" signature="initilizeBrowser(java.lang.String, java.lang.String, java.lang.reflect.Method)[pri:0, instance:Pages_Test.MyProfilePage_Tests@184f6be2]" name="initilizeBrowser" is-config="true" duration-ms="4935" started-at="2021-11-09T11:03:07 IST" finished-at="2021-11-09T11:03:12 IST">
          <params>
            <param index="0">
              <value>
                <![CDATA[chrome]]>
              </value>
            </param>
            <param index="1">
              <value>
                <![CDATA[https://wordpress.com/me]]>
              </value>
            </param>
            <param index="2">
              <value>
                <![CDATA[public void Pages_Test.MyProfilePage_Tests.myProfilePage_Labels_LastName(java.lang.String,java.lang.String,java.lang.String)]]>
              </value>
            </param>
          </params>
          <reporter-output>
          </reporter-output>
        </test-method> <!-- initilizeBrowser -->
        <test-method status="PASS" signature="myProfilePage_Labels_LastName(java.lang.String, java.lang.String, java.lang.String)[pri:0, instance:Pages_Test.MyProfilePage_Tests@184f6be2]" name="myProfilePage_Labels_LastName" duration-ms="6543" started-at="2021-11-09T11:03:12 IST" description="Validate if Last Name Label is as per the input provided" finished-at="2021-11-09T11:03:18 IST">
          <params>
            <param index="0">
              <value>
                <![CDATA[sandeep.puppaala@gmail.com]]>
              </value>
            </param>
            <param index="1">
              <value>
                <![CDATA[Password@123]]>
              </value>
            </param>
            <param index="2">
              <value>
                <![CDATA[Last name]]>
              </value>
            </param>
          </params>
          <reporter-output>
          </reporter-output>
        </test-method> <!-- myProfilePage_Labels_LastName -->
        <test-method status="PASS" signature="afterMethod(org.testng.ITestResult)[pri:0, instance:Pages_Test.MyProfilePage_Tests@184f6be2]" name="afterMethod" is-config="true" duration-ms="753" started-at="2021-11-09T11:03:18 IST" finished-at="2021-11-09T11:03:19 IST">
          <params>
            <param index="0">
              <value>
                <![CDATA[[TestResult name=myProfilePage_Labels_LastName status=SUCCESS method=MyProfilePage_Tests.myProfilePage_Labels_LastName(java.lang.String, java.lang.String, java.lang.String)[pri:0, instance:Pages_Test.MyProfilePage_Tests@184f6be2] output={null}]]]>
              </value>
            </param>
          </params>
          <reporter-output>
          </reporter-output>
        </test-method> <!-- afterMethod -->
        <test-method status="PASS" signature="initilizeBrowser(java.lang.String, java.lang.String, java.lang.reflect.Method)[pri:0, instance:Pages_Test.MyProfilePage_Tests@184f6be2]" name="initilizeBrowser" is-config="true" duration-ms="4898" started-at="2021-11-09T11:03:19 IST" finished-at="2021-11-09T11:03:24 IST">
          <params>
            <param index="0">
              <value>
                <![CDATA[chrome]]>
              </value>
            </param>
            <param index="1">
              <value>
                <![CDATA[https://wordpress.com/me]]>
              </value>
            </param>
            <param index="2">
              <value>
                <![CDATA[public void Pages_Test.MyProfilePage_Tests.myProfile_ChangePhotoLink_Enabled(java.lang.String,java.lang.String)]]>
              </value>
            </param>
          </params>
          <reporter-output>
          </reporter-output>
        </test-method> <!-- initilizeBrowser -->
        <test-method status="PASS" signature="myProfile_ChangePhotoLink_Enabled(java.lang.String, java.lang.String)[pri:0, instance:Pages_Test.MyProfilePage_Tests@184f6be2]" name="myProfile_ChangePhotoLink_Enabled" duration-ms="6323" started-at="2021-11-09T11:03:24 IST" description="Validate if Change Photo link is Enabled " finished-at="2021-11-09T11:03:30 IST">
          <params>
            <param index="0">
              <value>
                <![CDATA[sandeep.puppaala@gmail.com]]>
              </value>
            </param>
            <param index="1">
              <value>
                <![CDATA[Password@123]]>
              </value>
            </param>
          </params>
          <reporter-output>
          </reporter-output>
        </test-method> <!-- myProfile_ChangePhotoLink_Enabled -->
        <test-method status="PASS" signature="afterMethod(org.testng.ITestResult)[pri:0, instance:Pages_Test.MyProfilePage_Tests@184f6be2]" name="afterMethod" is-config="true" duration-ms="754" started-at="2021-11-09T11:03:30 IST" finished-at="2021-11-09T11:03:31 IST">
          <params>
            <param index="0">
              <value>
                <![CDATA[[TestResult name=myProfile_ChangePhotoLink_Enabled status=SUCCESS method=MyProfilePage_Tests.myProfile_ChangePhotoLink_Enabled(java.lang.String, java.lang.String)[pri:0, instance:Pages_Test.MyProfilePage_Tests@184f6be2] output={null}]]]>
              </value>
            </param>
          </params>
          <reporter-output>
          </reporter-output>
        </test-method> <!-- afterMethod -->
        <test-method status="PASS" signature="initilizeBrowser(java.lang.String, java.lang.String, java.lang.reflect.Method)[pri:0, instance:Pages_Test.MyProfilePage_Tests@184f6be2]" name="initilizeBrowser" is-config="true" duration-ms="4526" started-at="2021-11-09T11:03:31 IST" finished-at="2021-11-09T11:03:36 IST">
          <params>
            <param index="0">
              <value>
                <![CDATA[chrome]]>
              </value>
            </param>
            <param index="1">
              <value>
                <![CDATA[https://wordpress.com/me]]>
              </value>
            </param>
            <param index="2">
              <value>
                <![CDATA[public void Pages_Test.MyProfilePage_Tests.myProfile_Components_ToggleButton_Selection(java.lang.String,java.lang.String)]]>
              </value>
            </param>
          </params>
          <reporter-output>
          </reporter-output>
        </test-method> <!-- initilizeBrowser -->
        <test-method status="PASS" signature="myProfile_Components_ToggleButton_Selection(java.lang.String, java.lang.String)[pri:0, instance:Pages_Test.MyProfilePage_Tests@184f6be2]" name="myProfile_Components_ToggleButton_Selection" duration-ms="6946" started-at="2021-11-09T11:03:36 IST" description="Validate if Toggle Button is Selected" finished-at="2021-11-09T11:03:43 IST">
          <params>
            <param index="0">
              <value>
                <![CDATA[sandeep.puppaala@gmail.com]]>
              </value>
            </param>
            <param index="1">
              <value>
                <![CDATA[Password@123]]>
              </value>
            </param>
          </params>
          <reporter-output>
          </reporter-output>
        </test-method> <!-- myProfile_Components_ToggleButton_Selection -->
        <test-method status="PASS" signature="afterMethod(org.testng.ITestResult)[pri:0, instance:Pages_Test.MyProfilePage_Tests@184f6be2]" name="afterMethod" is-config="true" duration-ms="758" started-at="2021-11-09T11:03:43 IST" finished-at="2021-11-09T11:03:43 IST">
          <params>
            <param index="0">
              <value>
                <![CDATA[[TestResult name=myProfile_Components_ToggleButton_Selection status=SUCCESS method=MyProfilePage_Tests.myProfile_Components_ToggleButton_Selection(java.lang.String, java.lang.String)[pri:0, instance:Pages_Test.MyProfilePage_Tests@184f6be2] output={null}]]]>
              </value>
            </param>
          </params>
          <reporter-output>
          </reporter-output>
        </test-method> <!-- afterMethod -->
        <test-method status="PASS" signature="initilizeBrowser(java.lang.String, java.lang.String, java.lang.reflect.Method)[pri:0, instance:Pages_Test.MyProfilePage_Tests@184f6be2]" name="initilizeBrowser" is-config="true" duration-ms="4963" started-at="2021-11-09T11:03:43 IST" finished-at="2021-11-09T11:03:48 IST">
          <params>
            <param index="0">
              <value>
                <![CDATA[chrome]]>
              </value>
            </param>
            <param index="1">
              <value>
                <![CDATA[https://wordpress.com/me]]>
              </value>
            </param>
            <param index="2">
              <value>
                <![CDATA[public void Pages_Test.MyProfilePage_Tests.myProfile_Description_Functionality(java.lang.String,java.lang.String,java.lang.String)]]>
              </value>
            </param>
          </params>
          <reporter-output>
          </reporter-output>
        </test-method> <!-- initilizeBrowser -->
        <test-method status="PASS" signature="myProfile_Description_Functionality(java.lang.String, java.lang.String, java.lang.String)[pri:0, instance:Pages_Test.MyProfilePage_Tests@184f6be2]" name="myProfile_Description_Functionality" duration-ms="6737" started-at="2021-11-09T11:03:48 IST" description="Validate if Description field displays description as per the input provided" finished-at="2021-11-09T11:03:55 IST">
          <params>
            <param index="0">
              <value>
                <![CDATA[sandeep.puppaala@gmail.com]]>
              </value>
            </param>
            <param index="1">
              <value>
                <![CDATA[Password@123]]>
              </value>
            </param>
            <param index="2">
              <value>
                <![CDATA[Nature is a miracle]]>
              </value>
            </param>
          </params>
          <reporter-output>
          </reporter-output>
        </test-method> <!-- myProfile_Description_Functionality -->
        <test-method status="PASS" signature="afterMethod(org.testng.ITestResult)[pri:0, instance:Pages_Test.MyProfilePage_Tests@184f6be2]" name="afterMethod" is-config="true" duration-ms="836" started-at="2021-11-09T11:03:55 IST" finished-at="2021-11-09T11:03:56 IST">
          <params>
            <param index="0">
              <value>
                <![CDATA[[TestResult name=myProfile_Description_Functionality status=SUCCESS method=MyProfilePage_Tests.myProfile_Description_Functionality(java.lang.String, java.lang.String, java.lang.String)[pri:0, instance:Pages_Test.MyProfilePage_Tests@184f6be2] output={null}]]]>
              </value>
            </param>
          </params>
          <reporter-output>
          </reporter-output>
        </test-method> <!-- afterMethod -->
        <test-method status="PASS" signature="initilizeBrowser(java.lang.String, java.lang.String, java.lang.reflect.Method)[pri:0, instance:Pages_Test.MyProfilePage_Tests@184f6be2]" name="initilizeBrowser" is-config="true" duration-ms="4807" started-at="2021-11-09T11:03:56 IST" finished-at="2021-11-09T11:04:01 IST">
          <params>
            <param index="0">
              <value>
                <![CDATA[chrome]]>
              </value>
            </param>
            <param index="1">
              <value>
                <![CDATA[https://wordpress.com/me]]>
              </value>
            </param>
            <param index="2">
              <value>
                <![CDATA[public void Pages_Test.MyProfilePage_Tests.myProfile_Description_IsEditable(java.lang.String,java.lang.String)]]>
              </value>
            </param>
          </params>
          <reporter-output>
          </reporter-output>
        </test-method> <!-- initilizeBrowser -->
        <test-method status="PASS" signature="myProfile_Description_IsEditable(java.lang.String, java.lang.String)[pri:0, instance:Pages_Test.MyProfilePage_Tests@184f6be2]" name="myProfile_Description_IsEditable" duration-ms="5566" started-at="2021-11-09T11:04:01 IST" description="Validate if Description Field is Editable" finished-at="2021-11-09T11:04:06 IST">
          <params>
            <param index="0">
              <value>
                <![CDATA[sandeep.puppaala@gmail.com]]>
              </value>
            </param>
            <param index="1">
              <value>
                <![CDATA[Password@123]]>
              </value>
            </param>
          </params>
          <reporter-output>
          </reporter-output>
        </test-method> <!-- myProfile_Description_IsEditable -->
        <test-method status="PASS" signature="afterMethod(org.testng.ITestResult)[pri:0, instance:Pages_Test.MyProfilePage_Tests@184f6be2]" name="afterMethod" is-config="true" duration-ms="754" started-at="2021-11-09T11:04:06 IST" finished-at="2021-11-09T11:04:07 IST">
          <params>
            <param index="0">
              <value>
                <![CDATA[[TestResult name=myProfile_Description_IsEditable status=SUCCESS method=MyProfilePage_Tests.myProfile_Description_IsEditable(java.lang.String, java.lang.String)[pri:0, instance:Pages_Test.MyProfilePage_Tests@184f6be2] output={null}]]]>
              </value>
            </param>
          </params>
          <reporter-output>
          </reporter-output>
        </test-method> <!-- afterMethod -->
        <test-method status="PASS" signature="initilizeBrowser(java.lang.String, java.lang.String, java.lang.reflect.Method)[pri:0, instance:Pages_Test.MyProfilePage_Tests@184f6be2]" name="initilizeBrowser" is-config="true" duration-ms="4693" started-at="2021-11-09T11:04:07 IST" finished-at="2021-11-09T11:04:12 IST">
          <params>
            <param index="0">
              <value>
                <![CDATA[chrome]]>
              </value>
            </param>
            <param index="1">
              <value>
                <![CDATA[https://wordpress.com/me]]>
              </value>
            </param>
            <param index="2">
              <value>
                <![CDATA[public void Pages_Test.MyProfilePage_Tests.myProfile_Description_Validation(java.lang.String,java.lang.String)]]>
              </value>
            </param>
          </params>
          <reporter-output>
          </reporter-output>
        </test-method> <!-- initilizeBrowser -->
        <test-method status="PASS" signature="myProfile_Description_Validation(java.lang.String, java.lang.String)[pri:0, instance:Pages_Test.MyProfilePage_Tests@184f6be2]" name="myProfile_Description_Validation" duration-ms="9576" started-at="2021-11-09T11:04:12 IST" description="Validate if Description field can have Blank values, Numbers &amp; Special Characters" finished-at="2021-11-09T11:04:21 IST">
          <params>
            <param index="0">
              <value>
                <![CDATA[sandeep.puppaala@gmail.com]]>
              </value>
            </param>
            <param index="1">
              <value>
                <![CDATA[Password@123]]>
              </value>
            </param>
          </params>
          <reporter-output>
          </reporter-output>
        </test-method> <!-- myProfile_Description_Validation -->
        <test-method status="PASS" signature="afterMethod(org.testng.ITestResult)[pri:0, instance:Pages_Test.MyProfilePage_Tests@184f6be2]" name="afterMethod" is-config="true" duration-ms="767" started-at="2021-11-09T11:04:21 IST" finished-at="2021-11-09T11:04:22 IST">
          <params>
            <param index="0">
              <value>
                <![CDATA[[TestResult name=myProfile_Description_Validation status=SUCCESS method=MyProfilePage_Tests.myProfile_Description_Validation(java.lang.String, java.lang.String)[pri:0, instance:Pages_Test.MyProfilePage_Tests@184f6be2] output={null}]]]>
              </value>
            </param>
          </params>
          <reporter-output>
          </reporter-output>
        </test-method> <!-- afterMethod -->
        <test-method status="PASS" signature="initilizeBrowser(java.lang.String, java.lang.String, java.lang.reflect.Method)[pri:0, instance:Pages_Test.MyProfilePage_Tests@184f6be2]" name="initilizeBrowser" is-config="true" duration-ms="4571" started-at="2021-11-09T11:04:22 IST" finished-at="2021-11-09T11:04:27 IST">
          <params>
            <param index="0">
              <value>
                <![CDATA[chrome]]>
              </value>
            </param>
            <param index="1">
              <value>
                <![CDATA[https://wordpress.com/me]]>
              </value>
            </param>
            <param index="2">
              <value>
                <![CDATA[public void Pages_Test.MyProfilePage_Tests.myProfile_DisplayName_Functionality(java.lang.String,java.lang.String,java.lang.String)]]>
              </value>
            </param>
          </params>
          <reporter-output>
          </reporter-output>
        </test-method> <!-- initilizeBrowser -->
        <test-method status="PASS" signature="myProfile_DisplayName_Functionality(java.lang.String, java.lang.String, java.lang.String)[pri:0, instance:Pages_Test.MyProfilePage_Tests@184f6be2]" name="myProfile_DisplayName_Functionality" duration-ms="8414" started-at="2021-11-09T11:04:27 IST" description="Validate if Display field displays display name as per the input provided" finished-at="2021-11-09T11:04:35 IST">
          <params>
            <param index="0">
              <value>
                <![CDATA[sandeep.puppaala@gmail.com]]>
              </value>
            </param>
            <param index="1">
              <value>
                <![CDATA[Password@123]]>
              </value>
            </param>
            <param index="2">
              <value>
                <![CDATA[Sandeep Puppala]]>
              </value>
            </param>
          </params>
          <reporter-output>
          </reporter-output>
        </test-method> <!-- myProfile_DisplayName_Functionality -->
        <test-method status="PASS" signature="afterMethod(org.testng.ITestResult)[pri:0, instance:Pages_Test.MyProfilePage_Tests@184f6be2]" name="afterMethod" is-config="true" duration-ms="711" started-at="2021-11-09T11:04:35 IST" finished-at="2021-11-09T11:04:36 IST">
          <params>
            <param index="0">
              <value>
                <![CDATA[[TestResult name=myProfile_DisplayName_Functionality status=SUCCESS method=MyProfilePage_Tests.myProfile_DisplayName_Functionality(java.lang.String, java.lang.String, java.lang.String)[pri:0, instance:Pages_Test.MyProfilePage_Tests@184f6be2] output={null}]]]>
              </value>
            </param>
          </params>
          <reporter-output>
          </reporter-output>
        </test-method> <!-- afterMethod -->
        <test-method status="PASS" signature="initilizeBrowser(java.lang.String, java.lang.String, java.lang.reflect.Method)[pri:0, instance:Pages_Test.MyProfilePage_Tests@184f6be2]" name="initilizeBrowser" is-config="true" duration-ms="4622" started-at="2021-11-09T11:04:36 IST" finished-at="2021-11-09T11:04:40 IST">
          <params>
            <param index="0">
              <value>
                <![CDATA[chrome]]>
              </value>
            </param>
            <param index="1">
              <value>
                <![CDATA[https://wordpress.com/me]]>
              </value>
            </param>
            <param index="2">
              <value>
                <![CDATA[public void Pages_Test.MyProfilePage_Tests.myProfile_DisplayName_IsEditable(java.lang.String,java.lang.String)]]>
              </value>
            </param>
          </params>
          <reporter-output>
          </reporter-output>
        </test-method> <!-- initilizeBrowser -->
        <test-method status="PASS" signature="myProfile_DisplayName_IsEditable(java.lang.String, java.lang.String)[pri:0, instance:Pages_Test.MyProfilePage_Tests@184f6be2]" name="myProfile_DisplayName_IsEditable" duration-ms="6039" started-at="2021-11-09T11:04:40 IST" description="Validate if Display Name field is Editable" finished-at="2021-11-09T11:04:46 IST">
          <params>
            <param index="0">
              <value>
                <![CDATA[sandeep.puppaala@gmail.com]]>
              </value>
            </param>
            <param index="1">
              <value>
                <![CDATA[Password@123]]>
              </value>
            </param>
          </params>
          <reporter-output>
          </reporter-output>
        </test-method> <!-- myProfile_DisplayName_IsEditable -->
        <test-method status="PASS" signature="afterMethod(org.testng.ITestResult)[pri:0, instance:Pages_Test.MyProfilePage_Tests@184f6be2]" name="afterMethod" is-config="true" duration-ms="756" started-at="2021-11-09T11:04:46 IST" finished-at="2021-11-09T11:04:47 IST">
          <params>
            <param index="0">
              <value>
                <![CDATA[[TestResult name=myProfile_DisplayName_IsEditable status=SUCCESS method=MyProfilePage_Tests.myProfile_DisplayName_IsEditable(java.lang.String, java.lang.String)[pri:0, instance:Pages_Test.MyProfilePage_Tests@184f6be2] output={null}]]]>
              </value>
            </param>
          </params>
          <reporter-output>
          </reporter-output>
        </test-method> <!-- afterMethod -->
        <test-method status="PASS" signature="initilizeBrowser(java.lang.String, java.lang.String, java.lang.reflect.Method)[pri:0, instance:Pages_Test.MyProfilePage_Tests@184f6be2]" name="initilizeBrowser" is-config="true" duration-ms="4282" started-at="2021-11-09T11:04:47 IST" finished-at="2021-11-09T11:04:52 IST">
          <params>
            <param index="0">
              <value>
                <![CDATA[chrome]]>
              </value>
            </param>
            <param index="1">
              <value>
                <![CDATA[https://wordpress.com/me]]>
              </value>
            </param>
            <param index="2">
              <value>
                <![CDATA[public void Pages_Test.MyProfilePage_Tests.myProfile_DisplayName_Validation(java.lang.String,java.lang.String)]]>
              </value>
            </param>
          </params>
          <reporter-output>
          </reporter-output>
        </test-method> <!-- initilizeBrowser -->
        <test-method status="PASS" signature="myProfile_DisplayName_Validation(java.lang.String, java.lang.String)[pri:0, instance:Pages_Test.MyProfilePage_Tests@184f6be2]" name="myProfile_DisplayName_Validation" duration-ms="11837" started-at="2021-11-09T11:04:52 IST" description="Validate if Display Name field can have Blank values, Numbers &amp; Special Characters" finished-at="2021-11-09T11:05:03 IST">
          <params>
            <param index="0">
              <value>
                <![CDATA[sandeep.puppaala@gmail.com]]>
              </value>
            </param>
            <param index="1">
              <value>
                <![CDATA[Password@123]]>
              </value>
            </param>
          </params>
          <reporter-output>
          </reporter-output>
        </test-method> <!-- myProfile_DisplayName_Validation -->
        <test-method status="PASS" signature="afterMethod(org.testng.ITestResult)[pri:0, instance:Pages_Test.MyProfilePage_Tests@184f6be2]" name="afterMethod" is-config="true" duration-ms="783" started-at="2021-11-09T11:05:03 IST" finished-at="2021-11-09T11:05:04 IST">
          <params>
            <param index="0">
              <value>
                <![CDATA[[TestResult name=myProfile_DisplayName_Validation status=SUCCESS method=MyProfilePage_Tests.myProfile_DisplayName_Validation(java.lang.String, java.lang.String)[pri:0, instance:Pages_Test.MyProfilePage_Tests@184f6be2] output={null}]]]>
              </value>
            </param>
          </params>
          <reporter-output>
          </reporter-output>
        </test-method> <!-- afterMethod -->
        <test-method status="PASS" signature="initilizeBrowser(java.lang.String, java.lang.String, java.lang.reflect.Method)[pri:0, instance:Pages_Test.MyProfilePage_Tests@184f6be2]" name="initilizeBrowser" is-config="true" duration-ms="5135" started-at="2021-11-09T11:05:04 IST" finished-at="2021-11-09T11:05:09 IST">
          <params>
            <param index="0">
              <value>
                <![CDATA[chrome]]>
              </value>
            </param>
            <param index="1">
              <value>
                <![CDATA[https://wordpress.com/me]]>
              </value>
            </param>
            <param index="2">
              <value>
                <![CDATA[public void Pages_Test.MyProfilePage_Tests.myProfile_FirstName_Functionality(java.lang.String,java.lang.String,java.lang.String)]]>
              </value>
            </param>
          </params>
          <reporter-output>
          </reporter-output>
        </test-method> <!-- initilizeBrowser -->
        <test-method status="PASS" signature="myProfile_FirstName_Functionality(java.lang.String, java.lang.String, java.lang.String)[pri:0, instance:Pages_Test.MyProfilePage_Tests@184f6be2]" name="myProfile_FirstName_Functionality" duration-ms="7806" started-at="2021-11-09T11:05:09 IST" description="Validate if First Name field displays First name as per the input provided" finished-at="2021-11-09T11:05:17 IST">
          <params>
            <param index="0">
              <value>
                <![CDATA[sandeep.puppaala@gmail.com]]>
              </value>
            </param>
            <param index="1">
              <value>
                <![CDATA[Password@123]]>
              </value>
            </param>
            <param index="2">
              <value>
                <![CDATA[Sandeep]]>
              </value>
            </param>
          </params>
          <reporter-output>
          </reporter-output>
        </test-method> <!-- myProfile_FirstName_Functionality -->
        <test-method status="PASS" signature="afterMethod(org.testng.ITestResult)[pri:0, instance:Pages_Test.MyProfilePage_Tests@184f6be2]" name="afterMethod" is-config="true" duration-ms="723" started-at="2021-11-09T11:05:17 IST" finished-at="2021-11-09T11:05:18 IST">
          <params>
            <param index="0">
              <value>
                <![CDATA[[TestResult name=myProfile_FirstName_Functionality status=SUCCESS method=MyProfilePage_Tests.myProfile_FirstName_Functionality(java.lang.String, java.lang.String, java.lang.String)[pri:0, instance:Pages_Test.MyProfilePage_Tests@184f6be2] output={null}]]]>
              </value>
            </param>
          </params>
          <reporter-output>
          </reporter-output>
        </test-method> <!-- afterMethod -->
        <test-method status="PASS" signature="initilizeBrowser(java.lang.String, java.lang.String, java.lang.reflect.Method)[pri:0, instance:Pages_Test.MyProfilePage_Tests@184f6be2]" name="initilizeBrowser" is-config="true" duration-ms="4751" started-at="2021-11-09T11:05:18 IST" finished-at="2021-11-09T11:05:23 IST">
          <params>
            <param index="0">
              <value>
                <![CDATA[chrome]]>
              </value>
            </param>
            <param index="1">
              <value>
                <![CDATA[https://wordpress.com/me]]>
              </value>
            </param>
            <param index="2">
              <value>
                <![CDATA[public void Pages_Test.MyProfilePage_Tests.myProfile_FirstName_Validation(java.lang.String,java.lang.String)]]>
              </value>
            </param>
          </params>
          <reporter-output>
          </reporter-output>
        </test-method> <!-- initilizeBrowser -->
        <test-method status="PASS" signature="myProfile_FirstName_Validation(java.lang.String, java.lang.String)[pri:0, instance:Pages_Test.MyProfilePage_Tests@184f6be2]" name="myProfile_FirstName_Validation" duration-ms="10945" started-at="2021-11-09T11:05:23 IST" description="Validate if First Name field can have Blank values, Numbers &amp; Special Characters" finished-at="2021-11-09T11:05:34 IST">
          <params>
            <param index="0">
              <value>
                <![CDATA[sandeep.puppaala@gmail.com]]>
              </value>
            </param>
            <param index="1">
              <value>
                <![CDATA[Password@123]]>
              </value>
            </param>
          </params>
          <reporter-output>
          </reporter-output>
        </test-method> <!-- myProfile_FirstName_Validation -->
        <test-method status="PASS" signature="afterMethod(org.testng.ITestResult)[pri:0, instance:Pages_Test.MyProfilePage_Tests@184f6be2]" name="afterMethod" is-config="true" duration-ms="820" started-at="2021-11-09T11:05:34 IST" finished-at="2021-11-09T11:05:34 IST">
          <params>
            <param index="0">
              <value>
                <![CDATA[[TestResult name=myProfile_FirstName_Validation status=SUCCESS method=MyProfilePage_Tests.myProfile_FirstName_Validation(java.lang.String, java.lang.String)[pri:0, instance:Pages_Test.MyProfilePage_Tests@184f6be2] output={null}]]]>
              </value>
            </param>
          </params>
          <reporter-output>
          </reporter-output>
        </test-method> <!-- afterMethod -->
        <test-method status="PASS" signature="initilizeBrowser(java.lang.String, java.lang.String, java.lang.reflect.Method)[pri:0, instance:Pages_Test.MyProfilePage_Tests@184f6be2]" name="initilizeBrowser" is-config="true" duration-ms="4451" started-at="2021-11-09T11:05:34 IST" finished-at="2021-11-09T11:05:39 IST">
          <params>
            <param index="0">
              <value>
                <![CDATA[chrome]]>
              </value>
            </param>
            <param index="1">
              <value>
                <![CDATA[https://wordpress.com/me]]>
              </value>
            </param>
            <param index="2">
              <value>
                <![CDATA[public void Pages_Test.MyProfilePage_Tests.myProfile_GrAvatarLink_Visibility(java.lang.String,java.lang.String)]]>
              </value>
            </param>
          </params>
          <reporter-output>
          </reporter-output>
        </test-method> <!-- initilizeBrowser -->
        <test-method status="PASS" signature="myProfile_GrAvatarLink_Visibility(java.lang.String, java.lang.String)[pri:0, instance:Pages_Test.MyProfilePage_Tests@184f6be2]" name="myProfile_GrAvatarLink_Visibility" duration-ms="6049" started-at="2021-11-09T11:05:39 IST" description="Validate if Gravatar link is displayed after clicking Popover Button" finished-at="2021-11-09T11:05:45 IST">
          <params>
            <param index="0">
              <value>
                <![CDATA[sandeep.puppaala@gmail.com]]>
              </value>
            </param>
            <param index="1">
              <value>
                <![CDATA[Password@123]]>
              </value>
            </param>
          </params>
          <reporter-output>
          </reporter-output>
        </test-method> <!-- myProfile_GrAvatarLink_Visibility -->
        <test-method status="PASS" signature="afterMethod(org.testng.ITestResult)[pri:0, instance:Pages_Test.MyProfilePage_Tests@184f6be2]" name="afterMethod" is-config="true" duration-ms="742" started-at="2021-11-09T11:05:45 IST" finished-at="2021-11-09T11:05:46 IST">
          <params>
            <param index="0">
              <value>
                <![CDATA[[TestResult name=myProfile_GrAvatarLink_Visibility status=SUCCESS method=MyProfilePage_Tests.myProfile_GrAvatarLink_Visibility(java.lang.String, java.lang.String)[pri:0, instance:Pages_Test.MyProfilePage_Tests@184f6be2] output={null}]]]>
              </value>
            </param>
          </params>
          <reporter-output>
          </reporter-output>
        </test-method> <!-- afterMethod -->
        <test-method status="PASS" signature="initilizeBrowser(java.lang.String, java.lang.String, java.lang.reflect.Method)[pri:0, instance:Pages_Test.MyProfilePage_Tests@184f6be2]" name="initilizeBrowser" is-config="true" duration-ms="4592" started-at="2021-11-09T11:05:46 IST" finished-at="2021-11-09T11:05:50 IST">
          <params>
            <param index="0">
              <value>
                <![CDATA[chrome]]>
              </value>
            </param>
            <param index="1">
              <value>
                <![CDATA[https://wordpress.com/me]]>
              </value>
            </param>
            <param index="2">
              <value>
                <![CDATA[public void Pages_Test.MyProfilePage_Tests.myProfile_Gravatar_Profile_Delete_Links(java.lang.String,java.lang.String)]]>
              </value>
            </param>
          </params>
          <reporter-output>
          </reporter-output>
        </test-method> <!-- initilizeBrowser -->
        <test-method status="PASS" signature="myProfile_Gravatar_Profile_Delete_Links(java.lang.String, java.lang.String)[pri:0, instance:Pages_Test.MyProfilePage_Tests@184f6be2]" name="myProfile_Gravatar_Profile_Delete_Links" duration-ms="5476" started-at="2021-11-09T11:05:50 IST" description="Validate if Gravatar Profile and Delete Links is displayed" finished-at="2021-11-09T11:05:56 IST">
          <params>
            <param index="0">
              <value>
                <![CDATA[sandeep.puppaala@gmail.com]]>
              </value>
            </param>
            <param index="1">
              <value>
                <![CDATA[Password@123]]>
              </value>
            </param>
          </params>
          <reporter-output>
          </reporter-output>
        </test-method> <!-- myProfile_Gravatar_Profile_Delete_Links -->
        <test-method status="PASS" signature="afterMethod(org.testng.ITestResult)[pri:0, instance:Pages_Test.MyProfilePage_Tests@184f6be2]" name="afterMethod" is-config="true" duration-ms="1492" started-at="2021-11-09T11:05:56 IST" finished-at="2021-11-09T11:05:57 IST">
          <params>
            <param index="0">
              <value>
                <![CDATA[[TestResult name=myProfile_Gravatar_Profile_Delete_Links status=SUCCESS method=MyProfilePage_Tests.myProfile_Gravatar_Profile_Delete_Links(java.lang.String, java.lang.String)[pri:0, instance:Pages_Test.MyProfilePage_Tests@184f6be2] output={null}]]]>
              </value>
            </param>
          </params>
          <reporter-output>
          </reporter-output>
        </test-method> <!-- afterMethod -->
        <test-method status="PASS" signature="initilizeBrowser(java.lang.String, java.lang.String, java.lang.reflect.Method)[pri:0, instance:Pages_Test.MyProfilePage_Tests@184f6be2]" name="initilizeBrowser" is-config="true" duration-ms="4050" started-at="2021-11-09T11:05:57 IST" finished-at="2021-11-09T11:06:01 IST">
          <params>
            <param index="0">
              <value>
                <![CDATA[chrome]]>
              </value>
            </param>
            <param index="1">
              <value>
                <![CDATA[https://wordpress.com/me]]>
              </value>
            </param>
            <param index="2">
              <value>
                <![CDATA[public void Pages_Test.MyProfilePage_Tests.myProfile_LastName_Functionality(java.lang.String,java.lang.String,java.lang.String)]]>
              </value>
            </param>
          </params>
          <reporter-output>
          </reporter-output>
        </test-method> <!-- initilizeBrowser -->
        <test-method status="PASS" signature="myProfile_LastName_Functionality(java.lang.String, java.lang.String, java.lang.String)[pri:0, instance:Pages_Test.MyProfilePage_Tests@184f6be2]" name="myProfile_LastName_Functionality" duration-ms="6988" started-at="2021-11-09T11:06:01 IST" description="Validate if Last Name field displays First name as per the input provided" finished-at="2021-11-09T11:06:08 IST">
          <params>
            <param index="0">
              <value>
                <![CDATA[sandeep.puppaala@gmail.com]]>
              </value>
            </param>
            <param index="1">
              <value>
                <![CDATA[Password@123]]>
              </value>
            </param>
            <param index="2">
              <value>
                <![CDATA[Puppala]]>
              </value>
            </param>
          </params>
          <reporter-output>
          </reporter-output>
        </test-method> <!-- myProfile_LastName_Functionality -->
        <test-method status="PASS" signature="afterMethod(org.testng.ITestResult)[pri:0, instance:Pages_Test.MyProfilePage_Tests@184f6be2]" name="afterMethod" is-config="true" duration-ms="741" started-at="2021-11-09T11:06:08 IST" finished-at="2021-11-09T11:06:09 IST">
          <params>
            <param index="0">
              <value>
                <![CDATA[[TestResult name=myProfile_LastName_Functionality status=SUCCESS method=MyProfilePage_Tests.myProfile_LastName_Functionality(java.lang.String, java.lang.String, java.lang.String)[pri:0, instance:Pages_Test.MyProfilePage_Tests@184f6be2] output={null}]]]>
              </value>
            </param>
          </params>
          <reporter-output>
          </reporter-output>
        </test-method> <!-- afterMethod -->
        <test-method status="PASS" signature="initilizeBrowser(java.lang.String, java.lang.String, java.lang.reflect.Method)[pri:0, instance:Pages_Test.MyProfilePage_Tests@184f6be2]" name="initilizeBrowser" is-config="true" duration-ms="4649" started-at="2021-11-09T11:06:09 IST" finished-at="2021-11-09T11:06:14 IST">
          <params>
            <param index="0">
              <value>
                <![CDATA[chrome]]>
              </value>
            </param>
            <param index="1">
              <value>
                <![CDATA[https://wordpress.com/me]]>
              </value>
            </param>
            <param index="2">
              <value>
                <![CDATA[public void Pages_Test.MyProfilePage_Tests.myProfile_LastName_Validation(java.lang.String,java.lang.String)]]>
              </value>
            </param>
          </params>
          <reporter-output>
          </reporter-output>
        </test-method> <!-- initilizeBrowser -->
        <test-method status="PASS" signature="myProfile_LastName_Validation(java.lang.String, java.lang.String)[pri:0, instance:Pages_Test.MyProfilePage_Tests@184f6be2]" name="myProfile_LastName_Validation" duration-ms="9691" started-at="2021-11-09T11:06:14 IST" description="Validate if Last Name field can have Blank values, Numbers &amp; Special Characters" finished-at="2021-11-09T11:06:23 IST">
          <params>
            <param index="0">
              <value>
                <![CDATA[sandeep.puppaala@gmail.com]]>
              </value>
            </param>
            <param index="1">
              <value>
                <![CDATA[Password@123]]>
              </value>
            </param>
          </params>
          <reporter-output>
          </reporter-output>
        </test-method> <!-- myProfile_LastName_Validation -->
        <test-method status="PASS" signature="afterMethod(org.testng.ITestResult)[pri:0, instance:Pages_Test.MyProfilePage_Tests@184f6be2]" name="afterMethod" is-config="true" duration-ms="766" started-at="2021-11-09T11:06:23 IST" finished-at="2021-11-09T11:06:24 IST">
          <params>
            <param index="0">
              <value>
                <![CDATA[[TestResult name=myProfile_LastName_Validation status=SUCCESS method=MyProfilePage_Tests.myProfile_LastName_Validation(java.lang.String, java.lang.String)[pri:0, instance:Pages_Test.MyProfilePage_Tests@184f6be2] output={null}]]]>
              </value>
            </param>
          </params>
          <reporter-output>
          </reporter-output>
        </test-method> <!-- afterMethod -->
        <test-method status="PASS" signature="initilizeBrowser(java.lang.String, java.lang.String, java.lang.reflect.Method)[pri:0, instance:Pages_Test.MyProfilePage_Tests@184f6be2]" name="initilizeBrowser" is-config="true" duration-ms="4664" started-at="2021-11-09T11:06:24 IST" finished-at="2021-11-09T11:06:29 IST">
          <params>
            <param index="0">
              <value>
                <![CDATA[chrome]]>
              </value>
            </param>
            <param index="1">
              <value>
                <![CDATA[https://wordpress.com/me]]>
              </value>
            </param>
            <param index="2">
              <value>
                <![CDATA[public void Pages_Test.MyProfilePage_Tests.myProfile_Links_GrAvatarLoginLink(java.lang.String,java.lang.String,java.lang.String)]]>
              </value>
            </param>
          </params>
          <reporter-output>
          </reporter-output>
        </test-method> <!-- initilizeBrowser -->
        <test-method status="PASS" signature="myProfile_Links_GrAvatarLoginLink(java.lang.String, java.lang.String, java.lang.String)[pri:0, instance:Pages_Test.MyProfilePage_Tests@184f6be2]" name="myProfile_Links_GrAvatarLoginLink" duration-ms="9316" started-at="2021-11-09T11:06:29 IST" description="Validate if Gravatar Login link is not broken" finished-at="2021-11-09T11:06:38 IST">
          <params>
            <param index="0">
              <value>
                <![CDATA[sandeep.puppaala@gmail.com]]>
              </value>
            </param>
            <param index="1">
              <value>
                <![CDATA[Password@123]]>
              </value>
            </param>
            <param index="2">
              <value>
                <![CDATA[https://en.gravatar.com/site/login]]>
              </value>
            </param>
          </params>
          <reporter-output>
          </reporter-output>
        </test-method> <!-- myProfile_Links_GrAvatarLoginLink -->
        <test-method status="PASS" signature="afterMethod(org.testng.ITestResult)[pri:0, instance:Pages_Test.MyProfilePage_Tests@184f6be2]" name="afterMethod" is-config="true" duration-ms="760" started-at="2021-11-09T11:06:38 IST" finished-at="2021-11-09T11:06:39 IST">
          <params>
            <param index="0">
              <value>
                <![CDATA[[TestResult name=myProfile_Links_GrAvatarLoginLink status=SUCCESS method=MyProfilePage_Tests.myProfile_Links_GrAvatarLoginLink(java.lang.String, java.lang.String, java.lang.String)[pri:0, instance:Pages_Test.MyProfilePage_Tests@184f6be2] output={null}]]]>
              </value>
            </param>
          </params>
          <reporter-output>
          </reporter-output>
        </test-method> <!-- afterMethod -->
        <test-method status="PASS" signature="initilizeBrowser(java.lang.String, java.lang.String, java.lang.reflect.Method)[pri:0, instance:Pages_Test.MyProfilePage_Tests@184f6be2]" name="initilizeBrowser" is-config="true" duration-ms="4692" started-at="2021-11-09T11:06:39 IST" finished-at="2021-11-09T11:06:43 IST">
          <params>
            <param index="0">
              <value>
                <![CDATA[chrome]]>
              </value>
            </param>
            <param index="1">
              <value>
                <![CDATA[https://wordpress.com/me]]>
              </value>
            </param>
            <param index="2">
              <value>
                <![CDATA[public void Pages_Test.MyProfilePage_Tests.myProfile_Links_GrAvatarProfileLink(java.lang.String,java.lang.String,java.lang.String)]]>
              </value>
            </param>
          </params>
          <reporter-output>
          </reporter-output>
        </test-method> <!-- initilizeBrowser -->
        <test-method status="PASS" signature="myProfile_Links_GrAvatarProfileLink(java.lang.String, java.lang.String, java.lang.String)[pri:0, instance:Pages_Test.MyProfilePage_Tests@184f6be2]" name="myProfile_Links_GrAvatarProfileLink" duration-ms="8544" started-at="2021-11-09T11:06:43 IST" description="Validate if Gravatar Profile link is not broken" finished-at="2021-11-09T11:06:52 IST">
          <params>
            <param index="0">
              <value>
                <![CDATA[sandeep.puppaala@gmail.com]]>
              </value>
            </param>
            <param index="1">
              <value>
                <![CDATA[Password@123]]>
              </value>
            </param>
            <param index="2">
              <value>
                <![CDATA[https://en.gravatar.com/sandeeppuppala12]]>
              </value>
            </param>
          </params>
          <reporter-output>
          </reporter-output>
        </test-method> <!-- myProfile_Links_GrAvatarProfileLink -->
        <test-method status="PASS" signature="afterMethod(org.testng.ITestResult)[pri:0, instance:Pages_Test.MyProfilePage_Tests@184f6be2]" name="afterMethod" is-config="true" duration-ms="696" started-at="2021-11-09T11:06:52 IST" finished-at="2021-11-09T11:06:53 IST">
          <params>
            <param index="0">
              <value>
                <![CDATA[[TestResult name=myProfile_Links_GrAvatarProfileLink status=SUCCESS method=MyProfilePage_Tests.myProfile_Links_GrAvatarProfileLink(java.lang.String, java.lang.String, java.lang.String)[pri:0, instance:Pages_Test.MyProfilePage_Tests@184f6be2] output={null}]]]>
              </value>
            </param>
          </params>
          <reporter-output>
          </reporter-output>
        </test-method> <!-- afterMethod -->
        <test-method status="PASS" signature="initilizeBrowser(java.lang.String, java.lang.String, java.lang.reflect.Method)[pri:0, instance:Pages_Test.MyProfilePage_Tests@184f6be2]" name="initilizeBrowser" is-config="true" duration-ms="4348" started-at="2021-11-09T11:06:53 IST" finished-at="2021-11-09T11:06:57 IST">
          <params>
            <param index="0">
              <value>
                <![CDATA[chrome]]>
              </value>
            </param>
            <param index="1">
              <value>
                <![CDATA[https://wordpress.com/me]]>
              </value>
            </param>
            <param index="2">
              <value>
                <![CDATA[public void Pages_Test.MyProfilePage_Tests.myProfile_PhotoStatus_Description(java.lang.String,java.lang.String,java.lang.String)]]>
              </value>
            </param>
          </params>
          <reporter-output>
          </reporter-output>
        </test-method> <!-- initilizeBrowser -->
        <test-method status="PASS" signature="myProfile_PhotoStatus_Description(java.lang.String, java.lang.String, java.lang.String)[pri:0, instance:Pages_Test.MyProfilePage_Tests@184f6be2]" name="myProfile_PhotoStatus_Description" duration-ms="6121" started-at="2021-11-09T11:06:57 IST" description="Validate if Profile photo status displays description as per the input provided" finished-at="2021-11-09T11:07:03 IST">
          <params>
            <param index="0">
              <value>
                <![CDATA[sandeep.puppaala@gmail.com]]>
              </value>
            </param>
            <param index="1">
              <value>
                <![CDATA[Password@123]]>
              </value>
            </param>
            <param index="2">
              <value>
                <![CDATA[Your profile photo is public.]]>
              </value>
            </param>
          </params>
          <reporter-output>
          </reporter-output>
        </test-method> <!-- myProfile_PhotoStatus_Description -->
        <test-method status="PASS" signature="afterMethod(org.testng.ITestResult)[pri:0, instance:Pages_Test.MyProfilePage_Tests@184f6be2]" name="afterMethod" is-config="true" duration-ms="767" started-at="2021-11-09T11:07:03 IST" finished-at="2021-11-09T11:07:04 IST">
          <params>
            <param index="0">
              <value>
                <![CDATA[[TestResult name=myProfile_PhotoStatus_Description status=SUCCESS method=MyProfilePage_Tests.myProfile_PhotoStatus_Description(java.lang.String, java.lang.String, java.lang.String)[pri:0, instance:Pages_Test.MyProfilePage_Tests@184f6be2] output={null}]]]>
              </value>
            </param>
          </params>
          <reporter-output>
          </reporter-output>
        </test-method> <!-- afterMethod -->
        <test-method status="PASS" signature="initilizeBrowser(java.lang.String, java.lang.String, java.lang.reflect.Method)[pri:0, instance:Pages_Test.MyProfilePage_Tests@184f6be2]" name="initilizeBrowser" is-config="true" duration-ms="4576" started-at="2021-11-09T11:07:04 IST" finished-at="2021-11-09T11:07:09 IST">
          <params>
            <param index="0">
              <value>
                <![CDATA[chrome]]>
              </value>
            </param>
            <param index="1">
              <value>
                <![CDATA[https://wordpress.com/me]]>
              </value>
            </param>
            <param index="2">
              <value>
                <![CDATA[public void Pages_Test.MyProfilePage_Tests.myProfile_ProfileLink_AddSite_Button_Functionality(java.lang.String,java.lang.String)]]>
              </value>
            </param>
          </params>
          <reporter-output>
          </reporter-output>
        </test-method> <!-- initilizeBrowser -->
        <test-method status="PASS" signature="myProfile_ProfileLink_AddSite_Button_Functionality(java.lang.String, java.lang.String)[pri:0, instance:Pages_Test.MyProfilePage_Tests@184f6be2]" name="myProfile_ProfileLink_AddSite_Button_Functionality" duration-ms="7545" started-at="2021-11-09T11:07:09 IST" description="Validate if Profile Link- Add URL- Add Site Button is Enabled without adding &#039;.com&#039; in the URL and Description text" finished-at="2021-11-09T11:07:16 IST">
          <params>
            <param index="0">
              <value>
                <![CDATA[sandeep.puppaala@gmail.com]]>
              </value>
            </param>
            <param index="1">
              <value>
                <![CDATA[Password@123]]>
              </value>
            </param>
          </params>
          <reporter-output>
          </reporter-output>
        </test-method> <!-- myProfile_ProfileLink_AddSite_Button_Functionality -->
        <test-method status="PASS" signature="afterMethod(org.testng.ITestResult)[pri:0, instance:Pages_Test.MyProfilePage_Tests@184f6be2]" name="afterMethod" is-config="true" duration-ms="773" started-at="2021-11-09T11:07:16 IST" finished-at="2021-11-09T11:07:17 IST">
          <params>
            <param index="0">
              <value>
                <![CDATA[[TestResult name=myProfile_ProfileLink_AddSite_Button_Functionality status=SUCCESS method=MyProfilePage_Tests.myProfile_ProfileLink_AddSite_Button_Functionality(java.lang.String, java.lang.String)[pri:0, instance:Pages_Test.MyProfilePage_Tests@184f6be2] output={null}]]]>
              </value>
            </param>
          </params>
          <reporter-output>
          </reporter-output>
        </test-method> <!-- afterMethod -->
        <test-method status="PASS" signature="initilizeBrowser(java.lang.String, java.lang.String, java.lang.reflect.Method)[pri:0, instance:Pages_Test.MyProfilePage_Tests@184f6be2]" name="initilizeBrowser" is-config="true" duration-ms="4368" started-at="2021-11-09T11:07:17 IST" finished-at="2021-11-09T11:07:21 IST">
          <params>
            <param index="0">
              <value>
                <![CDATA[chrome]]>
              </value>
            </param>
            <param index="1">
              <value>
                <![CDATA[https://wordpress.com/me]]>
              </value>
            </param>
            <param index="2">
              <value>
                <![CDATA[public void Pages_Test.MyProfilePage_Tests.myProfile_ProfileLink_AddSite_Button_isEnabled(java.lang.String,java.lang.String)]]>
              </value>
            </param>
          </params>
          <reporter-output>
          </reporter-output>
        </test-method> <!-- initilizeBrowser -->
        <test-method status="PASS" signature="myProfile_ProfileLink_AddSite_Button_isEnabled(java.lang.String, java.lang.String)[pri:0, instance:Pages_Test.MyProfilePage_Tests@184f6be2]" name="myProfile_ProfileLink_AddSite_Button_isEnabled" duration-ms="6428" started-at="2021-11-09T11:07:21 IST" description="Validate if Profile Link- Add URL- Add Site Button is Enabled without entering any values in the URL and Description" finished-at="2021-11-09T11:07:28 IST">
          <params>
            <param index="0">
              <value>
                <![CDATA[sandeep.puppaala@gmail.com]]>
              </value>
            </param>
            <param index="1">
              <value>
                <![CDATA[Password@123]]>
              </value>
            </param>
          </params>
          <reporter-output>
          </reporter-output>
        </test-method> <!-- myProfile_ProfileLink_AddSite_Button_isEnabled -->
        <test-method status="PASS" signature="afterMethod(org.testng.ITestResult)[pri:0, instance:Pages_Test.MyProfilePage_Tests@184f6be2]" name="afterMethod" is-config="true" duration-ms="786" started-at="2021-11-09T11:07:28 IST" finished-at="2021-11-09T11:07:28 IST">
          <params>
            <param index="0">
              <value>
                <![CDATA[[TestResult name=myProfile_ProfileLink_AddSite_Button_isEnabled status=SUCCESS method=MyProfilePage_Tests.myProfile_ProfileLink_AddSite_Button_isEnabled(java.lang.String, java.lang.String)[pri:0, instance:Pages_Test.MyProfilePage_Tests@184f6be2] output={null}]]]>
              </value>
            </param>
          </params>
          <reporter-output>
          </reporter-output>
        </test-method> <!-- afterMethod -->
        <test-method status="PASS" signature="initilizeBrowser(java.lang.String, java.lang.String, java.lang.reflect.Method)[pri:0, instance:Pages_Test.MyProfilePage_Tests@184f6be2]" name="initilizeBrowser" is-config="true" duration-ms="4584" started-at="2021-11-09T11:07:28 IST" finished-at="2021-11-09T11:07:33 IST">
          <params>
            <param index="0">
              <value>
                <![CDATA[chrome]]>
              </value>
            </param>
            <param index="1">
              <value>
                <![CDATA[https://wordpress.com/me]]>
              </value>
            </param>
            <param index="2">
              <value>
                <![CDATA[public void Pages_Test.MyProfilePage_Tests.myProfile_ProfileLink_AddSite_Functionality_InvalidFormat(java.lang.String,java.lang.String)]]>
              </value>
            </param>
          </params>
          <reporter-output>
          </reporter-output>
        </test-method> <!-- initilizeBrowser -->
        <test-method status="PASS" signature="myProfile_ProfileLink_AddSite_Functionality_InvalidFormat(java.lang.String, java.lang.String)[pri:0, instance:Pages_Test.MyProfilePage_Tests@184f6be2]" name="myProfile_ProfileLink_AddSite_Functionality_InvalidFormat" duration-ms="7001" started-at="2021-11-09T11:07:33 IST" description="Validate if Profile Link- Add URL- Add Site Button is Enabled without adding &#039;.com&#039; in the URL and Description text" finished-at="2021-11-09T11:07:40 IST">
          <params>
            <param index="0">
              <value>
                <![CDATA[sandeep.puppaala@gmail.com]]>
              </value>
            </param>
            <param index="1">
              <value>
                <![CDATA[Password@123]]>
              </value>
            </param>
          </params>
          <reporter-output>
          </reporter-output>
        </test-method> <!-- myProfile_ProfileLink_AddSite_Functionality_InvalidFormat -->
        <test-method status="PASS" signature="afterMethod(org.testng.ITestResult)[pri:0, instance:Pages_Test.MyProfilePage_Tests@184f6be2]" name="afterMethod" is-config="true" duration-ms="757" started-at="2021-11-09T11:07:40 IST" finished-at="2021-11-09T11:07:41 IST">
          <params>
            <param index="0">
              <value>
                <![CDATA[[TestResult name=myProfile_ProfileLink_AddSite_Functionality_InvalidFormat status=SUCCESS method=MyProfilePage_Tests.myProfile_ProfileLink_AddSite_Functionality_InvalidFormat(java.lang.String, java.lang.String)[pri:0, instance:Pages_Test.MyProfilePage_Tests@184f6be2] output={null}]]]>
              </value>
            </param>
          </params>
          <reporter-output>
          </reporter-output>
        </test-method> <!-- afterMethod -->
        <test-method status="PASS" signature="initilizeBrowser(java.lang.String, java.lang.String, java.lang.reflect.Method)[pri:0, instance:Pages_Test.MyProfilePage_Tests@184f6be2]" name="initilizeBrowser" is-config="true" duration-ms="4482" started-at="2021-11-09T11:07:41 IST" finished-at="2021-11-09T11:07:45 IST">
          <params>
            <param index="0">
              <value>
                <![CDATA[chrome]]>
              </value>
            </param>
            <param index="1">
              <value>
                <![CDATA[https://wordpress.com/me]]>
              </value>
            </param>
            <param index="2">
              <value>
                <![CDATA[public void Pages_Test.MyProfilePage_Tests.myProfile_ProfileLink_Add_WordPressSite_Functionality(java.lang.String,java.lang.String)]]>
              </value>
            </param>
          </params>
          <reporter-output>
          </reporter-output>
        </test-method> <!-- initilizeBrowser -->
        <test-method status="PASS" signature="myProfile_ProfileLink_Add_WordPressSite_Functionality(java.lang.String, java.lang.String)[pri:0, instance:Pages_Test.MyProfilePage_Tests@184f6be2]" name="myProfile_ProfileLink_Add_WordPressSite_Functionality" duration-ms="7862" started-at="2021-11-09T11:07:45 IST" description="Validate Profile Link- Add WordPress Site- Functionality " finished-at="2021-11-09T11:07:53 IST">
          <params>
            <param index="0">
              <value>
                <![CDATA[sandeep.puppaala@gmail.com]]>
              </value>
            </param>
            <param index="1">
              <value>
                <![CDATA[Password@123]]>
              </value>
            </param>
          </params>
          <reporter-output>
          </reporter-output>
        </test-method> <!-- myProfile_ProfileLink_Add_WordPressSite_Functionality -->
        <test-method status="PASS" signature="afterMethod(org.testng.ITestResult)[pri:0, instance:Pages_Test.MyProfilePage_Tests@184f6be2]" name="afterMethod" is-config="true" duration-ms="753" started-at="2021-11-09T11:07:53 IST" finished-at="2021-11-09T11:07:54 IST">
          <params>
            <param index="0">
              <value>
                <![CDATA[[TestResult name=myProfile_ProfileLink_Add_WordPressSite_Functionality status=SUCCESS method=MyProfilePage_Tests.myProfile_ProfileLink_Add_WordPressSite_Functionality(java.lang.String, java.lang.String)[pri:0, instance:Pages_Test.MyProfilePage_Tests@184f6be2] output={null}]]]>
              </value>
            </param>
          </params>
          <reporter-output>
          </reporter-output>
        </test-method> <!-- afterMethod -->
        <test-method status="PASS" signature="initilizeBrowser(java.lang.String, java.lang.String, java.lang.reflect.Method)[pri:0, instance:Pages_Test.MyProfilePage_Tests@184f6be2]" name="initilizeBrowser" is-config="true" duration-ms="4673" started-at="2021-11-09T11:07:54 IST" finished-at="2021-11-09T11:07:59 IST">
          <params>
            <param index="0">
              <value>
                <![CDATA[chrome]]>
              </value>
            </param>
            <param index="1">
              <value>
                <![CDATA[https://wordpress.com/me]]>
              </value>
            </param>
            <param index="2">
              <value>
                <![CDATA[public void Pages_Test.MyProfilePage_Tests.myProfile_SaveDetailsButton_Functionality(java.lang.String,java.lang.String)]]>
              </value>
            </param>
          </params>
          <reporter-output>
          </reporter-output>
        </test-method> <!-- initilizeBrowser -->
        <test-method status="PASS" signature="myProfile_SaveDetailsButton_Functionality(java.lang.String, java.lang.String)[pri:0, instance:Pages_Test.MyProfilePage_Tests@184f6be2]" name="myProfile_SaveDetailsButton_Functionality" duration-ms="5786" started-at="2021-11-09T11:07:59 IST" description="Validate if Save details button is enabled by changing FirstName field with a Text" finished-at="2021-11-09T11:08:04 IST">
          <params>
            <param index="0">
              <value>
                <![CDATA[sandeep.puppaala@gmail.com]]>
              </value>
            </param>
            <param index="1">
              <value>
                <![CDATA[Password@123]]>
              </value>
            </param>
          </params>
          <reporter-output>
          </reporter-output>
        </test-method> <!-- myProfile_SaveDetailsButton_Functionality -->
        <test-method status="PASS" signature="afterMethod(org.testng.ITestResult)[pri:0, instance:Pages_Test.MyProfilePage_Tests@184f6be2]" name="afterMethod" is-config="true" duration-ms="746" started-at="2021-11-09T11:08:04 IST" finished-at="2021-11-09T11:08:05 IST">
          <params>
            <param index="0">
              <value>
                <![CDATA[[TestResult name=myProfile_SaveDetailsButton_Functionality status=SUCCESS method=MyProfilePage_Tests.myProfile_SaveDetailsButton_Functionality(java.lang.String, java.lang.String)[pri:0, instance:Pages_Test.MyProfilePage_Tests@184f6be2] output={null}]]]>
              </value>
            </param>
          </params>
          <reporter-output>
          </reporter-output>
        </test-method> <!-- afterMethod -->
        <test-method status="PASS" signature="initilizeBrowser(java.lang.String, java.lang.String, java.lang.reflect.Method)[pri:0, instance:Pages_Test.MyProfilePage_Tests@184f6be2]" name="initilizeBrowser" is-config="true" duration-ms="4172" started-at="2021-11-09T11:08:05 IST" finished-at="2021-11-09T11:08:09 IST">
          <params>
            <param index="0">
              <value>
                <![CDATA[chrome]]>
              </value>
            </param>
            <param index="1">
              <value>
                <![CDATA[https://wordpress.com/me]]>
              </value>
            </param>
            <param index="2">
              <value>
                <![CDATA[public void Pages_Test.MyProfilePage_Tests.myProfile_SaveDetailsButton_Functionality(java.lang.String,java.lang.String,java.lang.String)]]>
              </value>
            </param>
          </params>
          <reporter-output>
          </reporter-output>
        </test-method> <!-- initilizeBrowser -->
        <test-method status="PASS" signature="myProfile_SaveDetailsButton_Functionality(java.lang.String, java.lang.String, java.lang.String)[pri:0, instance:Pages_Test.MyProfilePage_Tests@184f6be2]" name="myProfile_SaveDetailsButton_Functionality" duration-ms="7882" started-at="2021-11-09T11:08:09 IST" description="Validate if Save confirmation Message is displayed" finished-at="2021-11-09T11:08:17 IST">
          <params>
            <param index="0">
              <value>
                <![CDATA[sandeep.puppaala@gmail.com]]>
              </value>
            </param>
            <param index="1">
              <value>
                <![CDATA[Password@123]]>
              </value>
            </param>
            <param index="2">
              <value>
                <![CDATA[Sandeep]]>
              </value>
            </param>
          </params>
          <reporter-output>
          </reporter-output>
        </test-method> <!-- myProfile_SaveDetailsButton_Functionality -->
        <test-method status="PASS" signature="afterMethod(org.testng.ITestResult)[pri:0, instance:Pages_Test.MyProfilePage_Tests@184f6be2]" name="afterMethod" is-config="true" duration-ms="752" started-at="2021-11-09T11:08:17 IST" finished-at="2021-11-09T11:08:18 IST">
          <params>
            <param index="0">
              <value>
                <![CDATA[[TestResult name=myProfile_SaveDetailsButton_Functionality status=SUCCESS method=MyProfilePage_Tests.myProfile_SaveDetailsButton_Functionality(java.lang.String, java.lang.String, java.lang.String)[pri:0, instance:Pages_Test.MyProfilePage_Tests@184f6be2] output={null}]]]>
              </value>
            </param>
          </params>
          <reporter-output>
          </reporter-output>
        </test-method> <!-- afterMethod -->
        <test-method status="PASS" signature="initilizeBrowser(java.lang.String, java.lang.String, java.lang.reflect.Method)[pri:0, instance:Pages_Test.MyProfilePage_Tests@184f6be2]" name="initilizeBrowser" is-config="true" duration-ms="4768" started-at="2021-11-09T11:08:18 IST" finished-at="2021-11-09T11:08:23 IST">
          <params>
            <param index="0">
              <value>
                <![CDATA[chrome]]>
              </value>
            </param>
            <param index="1">
              <value>
                <![CDATA[https://wordpress.com/me]]>
              </value>
            </param>
            <param index="2">
              <value>
                <![CDATA[public void Pages_Test.MyProfilePage_Tests.myProfile_SaveDetailsButton_Functionality_Default(java.lang.String,java.lang.String)]]>
              </value>
            </param>
          </params>
          <reporter-output>
          </reporter-output>
        </test-method> <!-- initilizeBrowser -->
        <test-method status="PASS" signature="myProfile_SaveDetailsButton_Functionality_Default(java.lang.String, java.lang.String)[pri:0, instance:Pages_Test.MyProfilePage_Tests@184f6be2]" name="myProfile_SaveDetailsButton_Functionality_Default" duration-ms="5566" started-at="2021-11-09T11:08:23 IST" description="Validate if Save details button is enabled without changing any default field values" finished-at="2021-11-09T11:08:28 IST">
          <params>
            <param index="0">
              <value>
                <![CDATA[sandeep.puppaala@gmail.com]]>
              </value>
            </param>
            <param index="1">
              <value>
                <![CDATA[Password@123]]>
              </value>
            </param>
          </params>
          <reporter-output>
          </reporter-output>
        </test-method> <!-- myProfile_SaveDetailsButton_Functionality_Default -->
        <test-method status="PASS" signature="afterMethod(org.testng.ITestResult)[pri:0, instance:Pages_Test.MyProfilePage_Tests@184f6be2]" name="afterMethod" is-config="true" duration-ms="851" started-at="2021-11-09T11:08:28 IST" finished-at="2021-11-09T11:08:29 IST">
          <params>
            <param index="0">
              <value>
                <![CDATA[[TestResult name=myProfile_SaveDetailsButton_Functionality_Default status=SUCCESS method=MyProfilePage_Tests.myProfile_SaveDetailsButton_Functionality_Default(java.lang.String, java.lang.String)[pri:0, instance:Pages_Test.MyProfilePage_Tests@184f6be2] output={null}]]]>
              </value>
            </param>
          </params>
          <reporter-output>
          </reporter-output>
        </test-method> <!-- afterMethod -->
        <test-method status="PASS" signature="initilizeBrowser(java.lang.String, java.lang.String, java.lang.reflect.Method)[pri:0, instance:Pages_Test.MyProfilePage_Tests@184f6be2]" name="initilizeBrowser" is-config="true" duration-ms="4830" started-at="2021-11-09T11:08:29 IST" finished-at="2021-11-09T11:08:34 IST">
          <params>
            <param index="0">
              <value>
                <![CDATA[chrome]]>
              </value>
            </param>
            <param index="1">
              <value>
                <![CDATA[https://wordpress.com/me]]>
              </value>
            </param>
            <param index="2">
              <value>
                <![CDATA[public void Pages_Test.MyProfilePage_Tests.myProfile_SaveDetailsButton_with_Toggle(java.lang.String,java.lang.String)]]>
              </value>
            </param>
          </params>
          <reporter-output>
          </reporter-output>
        </test-method> <!-- initilizeBrowser -->
        <test-method status="PASS" signature="myProfile_SaveDetailsButton_with_Toggle(java.lang.String, java.lang.String)[pri:0, instance:Pages_Test.MyProfilePage_Tests@184f6be2]" name="myProfile_SaveDetailsButton_with_Toggle" duration-ms="5952" started-at="2021-11-09T11:08:34 IST" description="Validate if Save details button is enabled by changing Toggle Button" finished-at="2021-11-09T11:08:40 IST">
          <params>
            <param index="0">
              <value>
                <![CDATA[sandeep.puppaala@gmail.com]]>
              </value>
            </param>
            <param index="1">
              <value>
                <![CDATA[Password@123]]>
              </value>
            </param>
          </params>
          <reporter-output>
          </reporter-output>
        </test-method> <!-- myProfile_SaveDetailsButton_with_Toggle -->
        <test-method status="PASS" signature="afterMethod(org.testng.ITestResult)[pri:0, instance:Pages_Test.MyProfilePage_Tests@184f6be2]" name="afterMethod" is-config="true" duration-ms="732" started-at="2021-11-09T11:08:40 IST" finished-at="2021-11-09T11:08:41 IST">
          <params>
            <param index="0">
              <value>
                <![CDATA[[TestResult name=myProfile_SaveDetailsButton_with_Toggle status=SUCCESS method=MyProfilePage_Tests.myProfile_SaveDetailsButton_with_Toggle(java.lang.String, java.lang.String)[pri:0, instance:Pages_Test.MyProfilePage_Tests@184f6be2] output={null}]]]>
              </value>
            </param>
          </params>
          <reporter-output>
          </reporter-output>
        </test-method> <!-- afterMethod -->
        <test-method status="PASS" signature="initilizeBrowser(java.lang.String, java.lang.String, java.lang.reflect.Method)[pri:0, instance:Pages_Test.MyProfilePage_Tests@184f6be2]" name="initilizeBrowser" is-config="true" duration-ms="4322" started-at="2021-11-09T11:08:41 IST" finished-at="2021-11-09T11:08:45 IST">
          <params>
            <param index="0">
              <value>
                <![CDATA[chrome]]>
              </value>
            </param>
            <param index="1">
              <value>
                <![CDATA[https://wordpress.com/me]]>
              </value>
            </param>
            <param index="2">
              <value>
                <![CDATA[public void Pages_Test.MyProfilePage_Tests.myProfilePageTitle(java.lang.String,java.lang.String,java.lang.String)]]>
              </value>
            </param>
          </params>
          <reporter-output>
          </reporter-output>
        </test-method> <!-- initilizeBrowser -->
        <test-method status="PASS" signature="myProfilePageTitle(java.lang.String, java.lang.String, java.lang.String)[pri:1, instance:Pages_Test.MyProfilePage_Tests@184f6be2]" name="myProfilePageTitle" duration-ms="5458" started-at="2021-11-09T11:08:45 IST" description="Validate MyProfile Page Title" finished-at="2021-11-09T11:08:50 IST">
          <params>
            <param index="0">
              <value>
                <![CDATA[sandeep.puppaala@gmail.com]]>
              </value>
            </param>
            <param index="1">
              <value>
                <![CDATA[Password@123]]>
              </value>
            </param>
            <param index="2">
              <value>
                <![CDATA[My Profile — WordPress.com]]>
              </value>
            </param>
          </params>
          <reporter-output>
          </reporter-output>
        </test-method> <!-- myProfilePageTitle -->
        <test-method status="PASS" signature="afterMethod(org.testng.ITestResult)[pri:0, instance:Pages_Test.MyProfilePage_Tests@184f6be2]" name="afterMethod" is-config="true" duration-ms="731" started-at="2021-11-09T11:08:50 IST" finished-at="2021-11-09T11:08:51 IST">
          <params>
            <param index="0">
              <value>
                <![CDATA[[TestResult name=myProfilePageTitle status=SUCCESS method=MyProfilePage_Tests.myProfilePageTitle(java.lang.String, java.lang.String, java.lang.String)[pri:1, instance:Pages_Test.MyProfilePage_Tests@184f6be2] output={null}]]]>
              </value>
            </param>
          </params>
          <reporter-output>
          </reporter-output>
        </test-method> <!-- afterMethod -->
        <test-method status="PASS" signature="initilizeBrowser(java.lang.String, java.lang.String, java.lang.reflect.Method)[pri:0, instance:Pages_Test.MyProfilePage_Tests@184f6be2]" name="initilizeBrowser" is-config="true" duration-ms="5146" started-at="2021-11-09T11:08:51 IST" finished-at="2021-11-09T11:08:56 IST">
          <params>
            <param index="0">
              <value>
                <![CDATA[chrome]]>
              </value>
            </param>
            <param index="1">
              <value>
                <![CDATA[https://wordpress.com/me]]>
              </value>
            </param>
            <param index="2">
              <value>
                <![CDATA[public void Pages_Test.MyProfilePage_Tests.myProfilePage_AllComponents_Visibility(java.lang.String,java.lang.String)]]>
              </value>
            </param>
          </params>
          <reporter-output>
          </reporter-output>
        </test-method> <!-- initilizeBrowser -->
        <test-method status="PASS" signature="myProfilePage_AllComponents_Visibility(java.lang.String, java.lang.String)[pri:2, instance:Pages_Test.MyProfilePage_Tests@184f6be2]" name="myProfilePage_AllComponents_Visibility" duration-ms="5895" started-at="2021-11-09T11:08:56 IST" description="Validate if all the fields on the Page are  displayed" finished-at="2021-11-09T11:09:02 IST">
          <params>
            <param index="0">
              <value>
                <![CDATA[sandeep.puppaala@gmail.com]]>
              </value>
            </param>
            <param index="1">
              <value>
                <![CDATA[Password@123]]>
              </value>
            </param>
          </params>
          <reporter-output>
          </reporter-output>
        </test-method> <!-- myProfilePage_AllComponents_Visibility -->
        <test-method status="PASS" signature="afterMethod(org.testng.ITestResult)[pri:0, instance:Pages_Test.MyProfilePage_Tests@184f6be2]" name="afterMethod" is-config="true" duration-ms="771" started-at="2021-11-09T11:09:02 IST" finished-at="2021-11-09T11:09:03 IST">
          <params>
            <param index="0">
              <value>
                <![CDATA[[TestResult name=myProfilePage_AllComponents_Visibility status=SUCCESS method=MyProfilePage_Tests.myProfilePage_AllComponents_Visibility(java.lang.String, java.lang.String)[pri:2, instance:Pages_Test.MyProfilePage_Tests@184f6be2] output={null}]]]>
              </value>
            </param>
          </params>
          <reporter-output>
          </reporter-output>
        </test-method> <!-- afterMethod -->
        <test-method status="PASS" signature="initilizeBrowser(java.lang.String, java.lang.String, java.lang.reflect.Method)[pri:0, instance:Pages_Test.MyProfilePage_Tests@184f6be2]" name="initilizeBrowser" is-config="true" duration-ms="4665" started-at="2021-11-09T11:09:03 IST" finished-at="2021-11-09T11:09:08 IST">
          <params>
            <param index="0">
              <value>
                <![CDATA[chrome]]>
              </value>
            </param>
            <param index="1">
              <value>
                <![CDATA[https://wordpress.com/me]]>
              </value>
            </param>
            <param index="2">
              <value>
                <![CDATA[public void Pages_Test.MyProfilePage_Tests.myProfile_AllButtons_Visiblity(java.lang.String,java.lang.String)]]>
              </value>
            </param>
          </params>
          <reporter-output>
          </reporter-output>
        </test-method> <!-- initilizeBrowser -->
        <test-method status="PASS" signature="myProfile_AllButtons_Visiblity(java.lang.String, java.lang.String)[pri:3, instance:Pages_Test.MyProfilePage_Tests@184f6be2]" name="myProfile_AllButtons_Visiblity" duration-ms="22343" started-at="2021-11-09T11:09:08 IST" description="Validate if All Buttons are displayed on the Page" finished-at="2021-11-09T11:09:30 IST">
          <params>
            <param index="0">
              <value>
                <![CDATA[sandeep.puppaala@gmail.com]]>
              </value>
            </param>
            <param index="1">
              <value>
                <![CDATA[Password@123]]>
              </value>
            </param>
          </params>
          <reporter-output>
          </reporter-output>
        </test-method> <!-- myProfile_AllButtons_Visiblity -->
        <test-method status="PASS" signature="afterMethod(org.testng.ITestResult)[pri:0, instance:Pages_Test.MyProfilePage_Tests@184f6be2]" name="afterMethod" is-config="true" duration-ms="848" started-at="2021-11-09T11:09:30 IST" finished-at="2021-11-09T11:09:31 IST">
          <params>
            <param index="0">
              <value>
                <![CDATA[[TestResult name=myProfile_AllButtons_Visiblity status=SUCCESS method=MyProfilePage_Tests.myProfile_AllButtons_Visiblity(java.lang.String, java.lang.String)[pri:3, instance:Pages_Test.MyProfilePage_Tests@184f6be2] output={null}]]]>
              </value>
            </param>
          </params>
          <reporter-output>
          </reporter-output>
        </test-method> <!-- afterMethod -->
        <test-method status="PASS" signature="initilizeBrowser(java.lang.String, java.lang.String, java.lang.reflect.Method)[pri:0, instance:Pages_Test.MyProfilePage_Tests@184f6be2]" name="initilizeBrowser" is-config="true" duration-ms="5150" started-at="2021-11-09T11:09:31 IST" finished-at="2021-11-09T11:09:36 IST">
          <params>
            <param index="0">
              <value>
                <![CDATA[chrome]]>
              </value>
            </param>
            <param index="1">
              <value>
                <![CDATA[https://wordpress.com/me]]>
              </value>
            </param>
            <param index="2">
              <value>
                <![CDATA[public void Pages_Test.MyProfilePage_Tests.myProfile_AddSite_Functionality_WithoutData(java.lang.String,java.lang.String)]]>
              </value>
            </param>
          </params>
          <reporter-output>
          </reporter-output>
        </test-method> <!-- initilizeBrowser -->
        <test-method status="PASS" signature="myProfile_AddSite_Functionality_WithoutData(java.lang.String, java.lang.String)[pri:4, instance:Pages_Test.MyProfilePage_Tests@184f6be2]" name="myProfile_AddSite_Functionality_WithoutData" duration-ms="20455" started-at="2021-11-09T11:09:36 IST" description="Validate if No URL Text is Present before adding Profile Link- Add URL- Add Site" finished-at="2021-11-09T11:09:56 IST">
          <params>
            <param index="0">
              <value>
                <![CDATA[sandeep.puppaala@gmail.com]]>
              </value>
            </param>
            <param index="1">
              <value>
                <![CDATA[Password@123]]>
              </value>
            </param>
          </params>
          <reporter-output>
          </reporter-output>
        </test-method> <!-- myProfile_AddSite_Functionality_WithoutData -->
        <test-method status="PASS" signature="afterMethod(org.testng.ITestResult)[pri:0, instance:Pages_Test.MyProfilePage_Tests@184f6be2]" name="afterMethod" is-config="true" duration-ms="832" started-at="2021-11-09T11:09:56 IST" finished-at="2021-11-09T11:09:57 IST">
          <params>
            <param index="0">
              <value>
                <![CDATA[[TestResult name=myProfile_AddSite_Functionality_WithoutData status=SUCCESS method=MyProfilePage_Tests.myProfile_AddSite_Functionality_WithoutData(java.lang.String, java.lang.String)[pri:4, instance:Pages_Test.MyProfilePage_Tests@184f6be2] output={null}]]]>
              </value>
            </param>
          </params>
          <reporter-output>
          </reporter-output>
        </test-method> <!-- afterMethod -->
        <test-method status="PASS" signature="initilizeBrowser(java.lang.String, java.lang.String, java.lang.reflect.Method)[pri:0, instance:Pages_Test.MyProfilePage_Tests@184f6be2]" name="initilizeBrowser" is-config="true" duration-ms="4239" started-at="2021-11-09T11:09:57 IST" finished-at="2021-11-09T11:10:02 IST">
          <params>
            <param index="0">
              <value>
                <![CDATA[chrome]]>
              </value>
            </param>
            <param index="1">
              <value>
                <![CDATA[https://wordpress.com/me]]>
              </value>
            </param>
            <param index="2">
              <value>
                <![CDATA[public void Pages_Test.MyProfilePage_Tests.myProfile_ProfileLink_AddSite_Functionality(java.lang.String,java.lang.String,java.lang.String,java.lang.String)]]>
              </value>
            </param>
          </params>
          <reporter-output>
          </reporter-output>
        </test-method> <!-- initilizeBrowser -->
        <test-method status="PASS" signature="myProfile_ProfileLink_AddSite_Functionality(java.lang.String, java.lang.String, java.lang.String, java.lang.String)[pri:5, instance:Pages_Test.MyProfilePage_Tests@184f6be2]" name="myProfile_ProfileLink_AddSite_Functionality" duration-ms="7781" started-at="2021-11-09T11:10:02 IST" description="Validate Profile Link- Add URL- Add Site Button Functionality with Valid URL and Description text" finished-at="2021-11-09T11:10:09 IST">
          <params>
            <param index="0">
              <value>
                <![CDATA[sandeep.puppaala@gmail.com]]>
              </value>
            </param>
            <param index="1">
              <value>
                <![CDATA[Password@123]]>
              </value>
            </param>
            <param index="2">
              <value>
                <![CDATA[MyWorld.com]]>
              </value>
            </param>
            <param index="3">
              <value>
                <![CDATA[Its a beautiful world]]>
              </value>
            </param>
          </params>
          <reporter-output>
          </reporter-output>
        </test-method> <!-- myProfile_ProfileLink_AddSite_Functionality -->
        <test-method status="PASS" signature="afterMethod(org.testng.ITestResult)[pri:0, instance:Pages_Test.MyProfilePage_Tests@184f6be2]" name="afterMethod" is-config="true" duration-ms="729" started-at="2021-11-09T11:10:09 IST" finished-at="2021-11-09T11:10:10 IST">
          <params>
            <param index="0">
              <value>
                <![CDATA[[TestResult name=myProfile_ProfileLink_AddSite_Functionality status=SUCCESS method=MyProfilePage_Tests.myProfile_ProfileLink_AddSite_Functionality(java.lang.String, java.lang.String, java.lang.String, java.lang.String)[pri:5, instance:Pages_Test.MyProfilePage_Tests@184f6be2] output={null}]]]>
              </value>
            </param>
          </params>
          <reporter-output>
          </reporter-output>
        </test-method> <!-- afterMethod -->
        <test-method status="PASS" signature="initilizeBrowser(java.lang.String, java.lang.String, java.lang.reflect.Method)[pri:0, instance:Pages_Test.MyProfilePage_Tests@184f6be2]" name="initilizeBrowser" is-config="true" duration-ms="4691" started-at="2021-11-09T11:10:10 IST" finished-at="2021-11-09T11:10:15 IST">
          <params>
            <param index="0">
              <value>
                <![CDATA[chrome]]>
              </value>
            </param>
            <param index="1">
              <value>
                <![CDATA[https://wordpress.com/me]]>
              </value>
            </param>
            <param index="2">
              <value>
                <![CDATA[public void Pages_Test.MyProfilePage_Tests.myProfile_ProfileLink_AddSite_With_ExistingData(java.lang.String,java.lang.String,java.lang.String,java.lang.String,java.lang.String)]]>
              </value>
            </param>
          </params>
          <reporter-output>
          </reporter-output>
        </test-method> <!-- initilizeBrowser -->
        <test-method status="PASS" signature="myProfile_ProfileLink_AddSite_With_ExistingData(java.lang.String, java.lang.String, java.lang.String, java.lang.String, java.lang.String)[pri:6, instance:Pages_Test.MyProfilePage_Tests@184f6be2]" name="myProfile_ProfileLink_AddSite_With_ExistingData" duration-ms="6840" started-at="2021-11-09T11:10:15 IST" description="Validate Profile Link- Add URL- Add Site Button Functionality with existing data" depends-on-methods="Pages_Test.MyProfilePage_Tests.myProfile_ProfileLink_AddSite_Functionality" finished-at="2021-11-09T11:10:22 IST">
          <params>
            <param index="0">
              <value>
                <![CDATA[sandeep.puppaala@gmail.com]]>
              </value>
            </param>
            <param index="1">
              <value>
                <![CDATA[Password@123]]>
              </value>
            </param>
            <param index="2">
              <value>
                <![CDATA[MyWorld.com]]>
              </value>
            </param>
            <param index="3">
              <value>
                <![CDATA[Its a beautiful world]]>
              </value>
            </param>
            <param index="4">
              <value>
                <![CDATA[That link is already in your profile links. No changes were made.]]>
              </value>
            </param>
          </params>
          <reporter-output>
          </reporter-output>
        </test-method> <!-- myProfile_ProfileLink_AddSite_With_ExistingData -->
        <test-method status="PASS" signature="afterMethod(org.testng.ITestResult)[pri:0, instance:Pages_Test.MyProfilePage_Tests@184f6be2]" name="afterMethod" is-config="true" duration-ms="766" started-at="2021-11-09T11:10:22 IST" finished-at="2021-11-09T11:10:22 IST">
          <params>
            <param index="0">
              <value>
                <![CDATA[[TestResult name=myProfile_ProfileLink_AddSite_With_ExistingData status=SUCCESS method=MyProfilePage_Tests.myProfile_ProfileLink_AddSite_With_ExistingData(java.lang.String, java.lang.String, java.lang.String, java.lang.String, java.lang.String)[pri:6, instance:Pages_Test.MyProfilePage_Tests@184f6be2] output={null}]]]>
              </value>
            </param>
          </params>
          <reporter-output>
          </reporter-output>
        </test-method> <!-- afterMethod -->
        <test-method status="PASS" signature="initilizeBrowser(java.lang.String, java.lang.String, java.lang.reflect.Method)[pri:0, instance:Pages_Test.MyProfilePage_Tests@184f6be2]" name="initilizeBrowser" is-config="true" duration-ms="4687" started-at="2021-11-09T11:10:22 IST" finished-at="2021-11-09T11:10:27 IST">
          <params>
            <param index="0">
              <value>
                <![CDATA[chrome]]>
              </value>
            </param>
            <param index="1">
              <value>
                <![CDATA[https://wordpress.com/me]]>
              </value>
            </param>
            <param index="2">
              <value>
                <![CDATA[public void Pages_Test.MyProfilePage_Tests.myProfile_ProfileLink_DeleteSite_Functionality(java.lang.String,java.lang.String,java.lang.String)]]>
              </value>
            </param>
          </params>
          <reporter-output>
          </reporter-output>
        </test-method> <!-- initilizeBrowser -->
        <test-method status="PASS" signature="myProfile_ProfileLink_DeleteSite_Functionality(java.lang.String, java.lang.String, java.lang.String)[pri:7, instance:Pages_Test.MyProfilePage_Tests@184f6be2]" name="myProfile_ProfileLink_DeleteSite_Functionality" duration-ms="37111" started-at="2021-11-09T11:10:27 IST" description="Validate Add Profile Links- Delete URL Functionality" depends-on-methods="Pages_Test.MyProfilePage_Tests.myProfile_ProfileLink_AddSite_Functionality" finished-at="2021-11-09T11:11:04 IST">
          <params>
            <param index="0">
              <value>
                <![CDATA[sandeep.puppaala@gmail.com]]>
              </value>
            </param>
            <param index="1">
              <value>
                <![CDATA[Password@123]]>
              </value>
            </param>
            <param index="2">
              <value>
                <![CDATA[MyWorld.com]]>
              </value>
            </param>
          </params>
          <reporter-output>
          </reporter-output>
        </test-method> <!-- myProfile_ProfileLink_DeleteSite_Functionality -->
        <test-method status="PASS" signature="afterMethod(org.testng.ITestResult)[pri:0, instance:Pages_Test.MyProfilePage_Tests@184f6be2]" name="afterMethod" is-config="true" duration-ms="858" started-at="2021-11-09T11:11:04 IST" finished-at="2021-11-09T11:11:05 IST">
          <params>
            <param index="0">
              <value>
                <![CDATA[[TestResult name=myProfile_ProfileLink_DeleteSite_Functionality status=SUCCESS method=MyProfilePage_Tests.myProfile_ProfileLink_DeleteSite_Functionality(java.lang.String, java.lang.String, java.lang.String)[pri:7, instance:Pages_Test.MyProfilePage_Tests@184f6be2] output={null}]]]>
              </value>
            </param>
          </params>
          <reporter-output>
          </reporter-output>
        </test-method> <!-- afterMethod -->
        <test-method status="PASS" signature="endBrowserInstance()[pri:0, instance:Pages_Test.MyProfilePage_Tests@184f6be2]" name="endBrowserInstance" is-config="true" duration-ms="562" started-at="2021-11-09T11:11:05 IST" finished-at="2021-11-09T11:11:06 IST">
          <reporter-output>
          </reporter-output>
        </test-method> <!-- endBrowserInstance -->
      </class> <!-- Pages_Test.MyProfilePage_Tests -->
    </test> <!-- Test -->
  </suite> <!-- Suite -->
</testng-results>
